c1.bam	Pf3D7_01_v3	1569 1774 1791	1
	# c1.bam Pf3D7_01_v3 1569 1774 1791 Hapotype:	 T G C	10
c1.bam	Pf3D7_01_v3	5057 5401 5433	1
	# c1.bam Pf3D7_01_v3 5057 5401 5433 Hapotype:	 T C T	3
c1.bam	Pf3D7_01_v3	6266 6284 6513	1
	# c1.bam Pf3D7_01_v3 6266 6284 6513 Hapotype:	 A G A	5
c1.bam	Pf3D7_01_v3	6388 6444 6698	1
	# c1.bam Pf3D7_01_v3 6388 6444 6698 Hapotype:	 G T G	4
c1.bam	Pf3D7_01_v3	6388 6444 6735	1
	# c1.bam Pf3D7_01_v3 6388 6444 6735 Hapotype:	 G T C	3
c1.bam	Pf3D7_01_v3	6388 6698 6735	1
	# c1.bam Pf3D7_01_v3 6388 6698 6735 Hapotype:	 G G C	3
c1.bam	Pf3D7_01_v3	6444 6513 6735	1
	# c1.bam Pf3D7_01_v3 6444 6513 6735 Hapotype:	 A T G	3
c1.bam	Pf3D7_01_v3	6444 6513 6767	1
	# c1.bam Pf3D7_01_v3 6444 6513 6767 Hapotype:	 A T G	2
c1.bam	Pf3D7_01_v3	6444 6513 6772	1
	# c1.bam Pf3D7_01_v3 6444 6513 6772 Hapotype:	 A T G	2
c1.bam	Pf3D7_01_v3	6444 6698 6735	1
	# c1.bam Pf3D7_01_v3 6444 6698 6735 Hapotype:	 T G C	4
c1.bam	Pf3D7_01_v3	6444 6735 6767	1
	# c1.bam Pf3D7_01_v3 6444 6735 6767 Hapotype:	 A G G	2
c1.bam	Pf3D7_01_v3	6444 6735 6772	1
	# c1.bam Pf3D7_01_v3 6444 6735 6772 Hapotype:	 A G G	2
c1.bam	Pf3D7_01_v3	6513 6608 6641	1
	# c1.bam Pf3D7_01_v3 6513 6608 6641 Hapotype:	 T A C	4
c1.bam	Pf3D7_01_v3	6513 6641 6672	1
	# c1.bam Pf3D7_01_v3 6513 6641 6672 Hapotype:	 T C G	2
c1.bam	Pf3D7_01_v3	6513 6672 6698	1
	# c1.bam Pf3D7_01_v3 6513 6672 6698 Hapotype:	 T G C	4
c1.bam	Pf3D7_01_v3	6513 6672 6735	1
	# c1.bam Pf3D7_01_v3 6513 6672 6735 Hapotype:	 T G G	2
c1.bam	Pf3D7_01_v3	6513 6698 6735	1
	# c1.bam Pf3D7_01_v3 6513 6698 6735 Hapotype:	 T C G	8
c1.bam	Pf3D7_01_v3	6513 6735 6767	1
	# c1.bam Pf3D7_01_v3 6513 6735 6767 Hapotype:	 T G G	2
c1.bam	Pf3D7_01_v3	6513 6735 6772	1
	# c1.bam Pf3D7_01_v3 6513 6735 6772 Hapotype:	 T G G	2
c1.bam	Pf3D7_01_v3	7755 7790 7973	1
	# c1.bam Pf3D7_01_v3 7755 7790 7973 Hapotype:	 C A A	6
c1.bam	Pf3D7_01_v3	7790 8077 8107	1
	# c1.bam Pf3D7_01_v3 7790 8077 8107 Hapotype:	 A A A	3
c1.bam	Pf3D7_01_v3	7973 8194 8204	1
	# c1.bam Pf3D7_01_v3 7973 8194 8204 Hapotype:	 A T G	2
c1.bam	Pf3D7_01_v3	8077 8107 8378	1
	# c1.bam Pf3D7_01_v3 8077 8107 8378 Hapotype:	 A A G	2
c1.bam	Pf3D7_01_v3	8077 8107 8381	1
	# c1.bam Pf3D7_01_v3 8077 8107 8381 Hapotype:	 A A G	2
c1.bam	Pf3D7_01_v3	8077 8107 8389	1
	# c1.bam Pf3D7_01_v3 8077 8107 8389 Hapotype:	 A A C	2
c1.bam	Pf3D7_01_v3	8077 8378 8389	1
	# c1.bam Pf3D7_01_v3 8077 8378 8389 Hapotype:	 A G C	2
c1.bam	Pf3D7_01_v3	8107 8378 8389	1
	# c1.bam Pf3D7_01_v3 8107 8378 8389 Hapotype:	 A G C	2
c1.bam	Pf3D7_01_v3	8168 8194 8425	1
	# c1.bam Pf3D7_01_v3 8168 8194 8425 Hapotype:	 T T T	8
c1.bam	Pf3D7_01_v3	8168 8194 8433	1
	# c1.bam Pf3D7_01_v3 8168 8194 8433 Hapotype:	 T T A	8
c1.bam	Pf3D7_01_v3	8168 8194 8443	1
	# c1.bam Pf3D7_01_v3 8168 8194 8443 Hapotype:	 T T C	12
c1.bam	Pf3D7_01_v3	8168 8194 8480	1
	# c1.bam Pf3D7_01_v3 8168 8194 8480 Hapotype:	 T T A	10
c1.bam	Pf3D7_01_v3	8168 8204 8425	1
	# c1.bam Pf3D7_01_v3 8168 8204 8425 Hapotype:	 T G T	4
c1.bam	Pf3D7_01_v3	8168 8204 8433	1
	# c1.bam Pf3D7_01_v3 8168 8204 8433 Hapotype:	 T G A	4
c1.bam	Pf3D7_01_v3	8168 8204 8443	1
	# c1.bam Pf3D7_01_v3 8168 8204 8443 Hapotype:	 T G C	8
c1.bam	Pf3D7_01_v3	8168 8204 8480	1
	# c1.bam Pf3D7_01_v3 8168 8204 8480 Hapotype:	 T G A	10
c1.bam	Pf3D7_01_v3	8168 8425 8443	1
	# c1.bam Pf3D7_01_v3 8168 8425 8443 Hapotype:	 T T C	12
c1.bam	Pf3D7_01_v3	8168 8425 8480	1
	# c1.bam Pf3D7_01_v3 8168 8425 8480 Hapotype:	 T T A	6
c1.bam	Pf3D7_01_v3	8168 8433 8443	1
	# c1.bam Pf3D7_01_v3 8168 8433 8443 Hapotype:	 T A C	12
c1.bam	Pf3D7_01_v3	8168 8433 8480	1
	# c1.bam Pf3D7_01_v3 8168 8433 8480 Hapotype:	 T A A	6
c1.bam	Pf3D7_01_v3	8168 8443 8480	1
	# c1.bam Pf3D7_01_v3 8168 8443 8480 Hapotype:	 T C A	10
c1.bam	Pf3D7_01_v3	8194 8204 8425	1
	# c1.bam Pf3D7_01_v3 8194 8204 8425 Hapotype:	 T G T	4
c1.bam	Pf3D7_01_v3	8194 8204 8433	1
	# c1.bam Pf3D7_01_v3 8194 8204 8433 Hapotype:	 T G A	4
c1.bam	Pf3D7_01_v3	8194 8204 8443	1
	# c1.bam Pf3D7_01_v3 8194 8204 8443 Hapotype:	 T G C	8
c1.bam	Pf3D7_01_v3	8194 8204 8480	1
	# c1.bam Pf3D7_01_v3 8194 8204 8480 Hapotype:	 T G A	10
c1.bam	Pf3D7_01_v3	8194 8425 8443	1
	# c1.bam Pf3D7_01_v3 8194 8425 8443 Hapotype:	 T T C	8
c1.bam	Pf3D7_01_v3	8194 8425 8480	1
	# c1.bam Pf3D7_01_v3 8194 8425 8480 Hapotype:	 T T A	4
c1.bam	Pf3D7_01_v3	8194 8433 8443	1
	# c1.bam Pf3D7_01_v3 8194 8433 8443 Hapotype:	 T A C	8
c1.bam	Pf3D7_01_v3	8194 8433 8480	1
	# c1.bam Pf3D7_01_v3 8194 8433 8480 Hapotype:	 T A A	4
c1.bam	Pf3D7_01_v3	8194 8443 8480	1
	# c1.bam Pf3D7_01_v3 8194 8443 8480 Hapotype:	 T C A	8
c1.bam	Pf3D7_01_v3	8204 8425 8443	1
	# c1.bam Pf3D7_01_v3 8204 8425 8443 Hapotype:	 G T C	4
c1.bam	Pf3D7_01_v3	8204 8425 8480	1
	# c1.bam Pf3D7_01_v3 8204 8425 8480 Hapotype:	 G T A	4
c1.bam	Pf3D7_01_v3	8204 8433 8443	1
	# c1.bam Pf3D7_01_v3 8204 8433 8443 Hapotype:	 G A C	4
c1.bam	Pf3D7_01_v3	8204 8433 8480	1
	# c1.bam Pf3D7_01_v3 8204 8433 8480 Hapotype:	 G A A	4
c1.bam	Pf3D7_01_v3	8204 8443 8480	1
	# c1.bam Pf3D7_01_v3 8204 8443 8480 Hapotype:	 G C A	8
c1.bam	Pf3D7_01_v3	8324 8378 8599	1
	# c1.bam Pf3D7_01_v3 8324 8378 8599 Hapotype:	 G G C	6
c1.bam	Pf3D7_01_v3	8324 8381 8599	1
	# c1.bam Pf3D7_01_v3 8324 8381 8599 Hapotype:	 G G C	6
c1.bam	Pf3D7_01_v3	8324 8389 8599	1
	# c1.bam Pf3D7_01_v3 8324 8389 8599 Hapotype:	 G C C	4
c1.bam	Pf3D7_01_v3	8378 8389 8599	1
	# c1.bam Pf3D7_01_v3 8378 8389 8599 Hapotype:	 G C C	4
c1.bam	Pf3D7_01_v3	8425 8443 8599	1
	# c1.bam Pf3D7_01_v3 8425 8443 8599 Hapotype:	 T C T	2
c1.bam	Pf3D7_01_v3	8425 8480 8599	1
	# c1.bam Pf3D7_01_v3 8425 8480 8599 Hapotype:	 T A T	2
c1.bam	Pf3D7_01_v3	8433 8443 8599	1
	# c1.bam Pf3D7_01_v3 8433 8443 8599 Hapotype:	 A C T	2
c1.bam	Pf3D7_01_v3	8433 8480 8599	1
	# c1.bam Pf3D7_01_v3 8433 8480 8599 Hapotype:	 A A T	2
c1.bam	Pf3D7_01_v3	8443 8480 8599	1
	# c1.bam Pf3D7_01_v3 8443 8480 8599 Hapotype:	 C A T	2
c1.bam	Pf3D7_01_v3	9914 10129 10169	1
	# c1.bam Pf3D7_01_v3 9914 10129 10169 Hapotype:	 A T A	3
c1.bam	Pf3D7_01_v3	10065 10298 10309	1
	# c1.bam Pf3D7_01_v3 10065 10298 10309 Hapotype:	 A T T	2
c1.bam	Pf3D7_01_v3	28171 28415 28431	2
	# c1.bam Pf3D7_01_v3 28171 28415 28431 Hapotype:	 A T C	2
	# c1.bam Pf3D7_01_v3 28171 28415 28431 Hapotype:	 A A C	5
c1.bam	Pf3D7_01_v3	28176 28415 28431	2
	# c1.bam Pf3D7_01_v3 28176 28415 28431 Hapotype:	 G T C	2
	# c1.bam Pf3D7_01_v3 28176 28415 28431 Hapotype:	 G A C	5
c1.bam	Pf3D7_01_v3	39051 39086 39167	1
	# c1.bam Pf3D7_01_v3 39051 39086 39167 Hapotype:	 C G C	2
c1.bam	Pf3D7_01_v3	39051 39086 39170	1
	# c1.bam Pf3D7_01_v3 39051 39086 39170 Hapotype:	 C G A	2
c1.bam	Pf3D7_01_v3	39051 39086 39173	1
	# c1.bam Pf3D7_01_v3 39051 39086 39173 Hapotype:	 C G C	2
c1.bam	Pf3D7_01_v3	39051 39157 39167	1
	# c1.bam Pf3D7_01_v3 39051 39157 39167 Hapotype:	 C T C	2
c1.bam	Pf3D7_01_v3	39051 39157 39170	1
	# c1.bam Pf3D7_01_v3 39051 39157 39170 Hapotype:	 C T A	2
c1.bam	Pf3D7_01_v3	39051 39157 39173	1
	# c1.bam Pf3D7_01_v3 39051 39157 39173 Hapotype:	 C T C	2
c1.bam	Pf3D7_01_v3	42690 42748 43020	1
	# c1.bam Pf3D7_01_v3 42690 42748 43020 Hapotype:	 T T T	5
c1.bam	Pf3D7_01_v3	42690 42748 43042	1
	# c1.bam Pf3D7_01_v3 42690 42748 43042 Hapotype:	 T T T	5
c1.bam	Pf3D7_01_v3	42690 42749 43020	1
	# c1.bam Pf3D7_01_v3 42690 42749 43020 Hapotype:	 T T T	4
c1.bam	Pf3D7_01_v3	42690 42749 43042	1
	# c1.bam Pf3D7_01_v3 42690 42749 43042 Hapotype:	 T T T	4
c1.bam	Pf3D7_01_v3	42690 42761 43020	1
	# c1.bam Pf3D7_01_v3 42690 42761 43020 Hapotype:	 T T T	5
c1.bam	Pf3D7_01_v3	42690 42761 43042	1
	# c1.bam Pf3D7_01_v3 42690 42761 43042 Hapotype:	 T T T	5
c1.bam	Pf3D7_01_v3	42690 43020 43042	1
	# c1.bam Pf3D7_01_v3 42690 43020 43042 Hapotype:	 T T T	5
c1.bam	Pf3D7_01_v3	42748 42761 43020	3
	# c1.bam Pf3D7_01_v3 42748 42761 43020 Hapotype:	 C A G	12
	# c1.bam Pf3D7_01_v3 42748 42761 43020 Hapotype:	 C T T	18
	# c1.bam Pf3D7_01_v3 42748 42761 43020 Hapotype:	 T T T	6
c1.bam	Pf3D7_01_v3	42748 42761 43042	3
	# c1.bam Pf3D7_01_v3 42748 42761 43042 Hapotype:	 C A T	12
	# c1.bam Pf3D7_01_v3 42748 42761 43042 Hapotype:	 C T T	17
	# c1.bam Pf3D7_01_v3 42748 42761 43042 Hapotype:	 T T T	5
c1.bam	Pf3D7_01_v3	42748 42761 43072	2
	# c1.bam Pf3D7_01_v3 42748 42761 43072 Hapotype:	 C A A	12
	# c1.bam Pf3D7_01_v3 42748 42761 43072 Hapotype:	 C T A	4
c1.bam	Pf3D7_01_v3	42748 42790 43020	2
	# c1.bam Pf3D7_01_v3 42748 42790 43020 Hapotype:	 C T G	6
	# c1.bam Pf3D7_01_v3 42748 42790 43020 Hapotype:	 C C T	5
c1.bam	Pf3D7_01_v3	42748 42790 43042	2
	# c1.bam Pf3D7_01_v3 42748 42790 43042 Hapotype:	 C T T	6
	# c1.bam Pf3D7_01_v3 42748 42790 43042 Hapotype:	 C C T	5
c1.bam	Pf3D7_01_v3	42748 42790 43072	1
	# c1.bam Pf3D7_01_v3 42748 42790 43072 Hapotype:	 C T A	6
c1.bam	Pf3D7_01_v3	42748 43020 43042	3
	# c1.bam Pf3D7_01_v3 42748 43020 43042 Hapotype:	 C G T	12
	# c1.bam Pf3D7_01_v3 42748 43020 43042 Hapotype:	 C T T	17
	# c1.bam Pf3D7_01_v3 42748 43020 43042 Hapotype:	 T T T	5
c1.bam	Pf3D7_01_v3	42748 43020 43072	2
	# c1.bam Pf3D7_01_v3 42748 43020 43072 Hapotype:	 C G A	12
	# c1.bam Pf3D7_01_v3 42748 43020 43072 Hapotype:	 C T A	4
c1.bam	Pf3D7_01_v3	42748 43042 43072	1
	# c1.bam Pf3D7_01_v3 42748 43042 43072 Hapotype:	 C T A	16
c1.bam	Pf3D7_01_v3	42749 42761 42958	1
	# c1.bam Pf3D7_01_v3 42749 42761 42958 Hapotype:	 T T T	2
c1.bam	Pf3D7_01_v3	42749 42761 43020	3
	# c1.bam Pf3D7_01_v3 42749 42761 43020 Hapotype:	 G A G	12
	# c1.bam Pf3D7_01_v3 42749 42761 43020 Hapotype:	 G T T	4
	# c1.bam Pf3D7_01_v3 42749 42761 43020 Hapotype:	 T T T	19
c1.bam	Pf3D7_01_v3	42749 42761 43042	3
	# c1.bam Pf3D7_01_v3 42749 42761 43042 Hapotype:	 G A T	12
	# c1.bam Pf3D7_01_v3 42749 42761 43042 Hapotype:	 G T T	4
	# c1.bam Pf3D7_01_v3 42749 42761 43042 Hapotype:	 T T T	17
c1.bam	Pf3D7_01_v3	42749 42761 43072	2
	# c1.bam Pf3D7_01_v3 42749 42761 43072 Hapotype:	 G A A	12
	# c1.bam Pf3D7_01_v3 42749 42761 43072 Hapotype:	 T T A	4
c1.bam	Pf3D7_01_v3	42749 42790 43020	3
	# c1.bam Pf3D7_01_v3 42749 42790 43020 Hapotype:	 G T G	6
	# c1.bam Pf3D7_01_v3 42749 42790 43020 Hapotype:	 G C T	4
	# c1.bam Pf3D7_01_v3 42749 42790 43020 Hapotype:	 T C T	2
c1.bam	Pf3D7_01_v3	42749 42790 43042	2
	# c1.bam Pf3D7_01_v3 42749 42790 43042 Hapotype:	 G T T	6
	# c1.bam Pf3D7_01_v3 42749 42790 43042 Hapotype:	 G C T	4
c1.bam	Pf3D7_01_v3	42749 42790 43072	1
	# c1.bam Pf3D7_01_v3 42749 42790 43072 Hapotype:	 G T A	6
c1.bam	Pf3D7_01_v3	42749 43020 43042	3
	# c1.bam Pf3D7_01_v3 42749 43020 43042 Hapotype:	 G G T	12
	# c1.bam Pf3D7_01_v3 42749 43020 43042 Hapotype:	 G T T	4
	# c1.bam Pf3D7_01_v3 42749 43020 43042 Hapotype:	 T T T	17
c1.bam	Pf3D7_01_v3	42749 43020 43072	2
	# c1.bam Pf3D7_01_v3 42749 43020 43072 Hapotype:	 G G A	12
	# c1.bam Pf3D7_01_v3 42749 43020 43072 Hapotype:	 T T A	4
c1.bam	Pf3D7_01_v3	42749 43042 43072	2
	# c1.bam Pf3D7_01_v3 42749 43042 43072 Hapotype:	 G T A	12
	# c1.bam Pf3D7_01_v3 42749 43042 43072 Hapotype:	 T T A	4
c1.bam	Pf3D7_01_v3	42761 42790 43020	2
	# c1.bam Pf3D7_01_v3 42761 42790 43020 Hapotype:	 A T G	7
	# c1.bam Pf3D7_01_v3 42761 42790 43020 Hapotype:	 T C T	7
c1.bam	Pf3D7_01_v3	42761 42790 43042	2
	# c1.bam Pf3D7_01_v3 42761 42790 43042 Hapotype:	 A T T	7
	# c1.bam Pf3D7_01_v3 42761 42790 43042 Hapotype:	 T C T	6
c1.bam	Pf3D7_01_v3	42761 42790 43072	1
	# c1.bam Pf3D7_01_v3 42761 42790 43072 Hapotype:	 A T A	7
c1.bam	Pf3D7_01_v3	42761 43020 43042	2
	# c1.bam Pf3D7_01_v3 42761 43020 43042 Hapotype:	 A G T	13
	# c1.bam Pf3D7_01_v3 42761 43020 43042 Hapotype:	 T T T	23
c1.bam	Pf3D7_01_v3	42761 43020 43072	2
	# c1.bam Pf3D7_01_v3 42761 43020 43072 Hapotype:	 A G A	13
	# c1.bam Pf3D7_01_v3 42761 43020 43072 Hapotype:	 T T A	4
c1.bam	Pf3D7_01_v3	42761 43042 43072	2
	# c1.bam Pf3D7_01_v3 42761 43042 43072 Hapotype:	 A T A	13
	# c1.bam Pf3D7_01_v3 42761 43042 43072 Hapotype:	 T T A	4
c1.bam	Pf3D7_01_v3	42790 43020 43042	2
	# c1.bam Pf3D7_01_v3 42790 43020 43042 Hapotype:	 T G T	7
	# c1.bam Pf3D7_01_v3 42790 43020 43042 Hapotype:	 C T T	6
c1.bam	Pf3D7_01_v3	42790 43020 43072	1
	# c1.bam Pf3D7_01_v3 42790 43020 43072 Hapotype:	 T G A	7
c1.bam	Pf3D7_01_v3	42790 43042 43072	1
	# c1.bam Pf3D7_01_v3 42790 43042 43072 Hapotype:	 T T A	7
c1.bam	Pf3D7_01_v3	50556 50580 50762	1
	# c1.bam Pf3D7_01_v3 50556 50580 50762 Hapotype:	 T C T	5
c1.bam	Pf3D7_01_v3	50556 50727 50762	1
	# c1.bam Pf3D7_01_v3 50556 50727 50762 Hapotype:	 T A T	2
c1.bam	Pf3D7_01_v3	56587 56625 56907	1
	# c1.bam Pf3D7_01_v3 56587 56625 56907 Hapotype:	 C A G	7
c1.bam	Pf3D7_01_v3	60221 60381 60406	1
	# c1.bam Pf3D7_01_v3 60221 60381 60406 Hapotype:	 C A C	2
c1.bam	Pf3D7_01_v3	60221 60381 60427	1
	# c1.bam Pf3D7_01_v3 60221 60381 60427 Hapotype:	 C A G	2
c1.bam	Pf3D7_01_v3	60221 60406 60427	2
	# c1.bam Pf3D7_01_v3 60221 60406 60427 Hapotype:	 C C G	5
	# c1.bam Pf3D7_01_v3 60221 60406 60427 Hapotype:	 G G G	2
c1.bam	Pf3D7_01_v3	62841 62853 63020	1
	# c1.bam Pf3D7_01_v3 62841 62853 63020 Hapotype:	 G G G	2
c1.bam	Pf3D7_01_v3	74755 75064 75074	1
	# c1.bam Pf3D7_01_v3 74755 75064 75074 Hapotype:	 T C A	11
c1.bam	Pf3D7_01_v3	81864 81885 82111	1
	# c1.bam Pf3D7_01_v3 81864 81885 82111 Hapotype:	 G T T	8
c1.bam	Pf3D7_01_v3	81864 81885 82128	1
	# c1.bam Pf3D7_01_v3 81864 81885 82128 Hapotype:	 G T G	8
c1.bam	Pf3D7_01_v3	81864 81911 82111	1
	# c1.bam Pf3D7_01_v3 81864 81911 82111 Hapotype:	 G A T	6
c1.bam	Pf3D7_01_v3	81864 81911 82128	1
	# c1.bam Pf3D7_01_v3 81864 81911 82128 Hapotype:	 G A G	6
c1.bam	Pf3D7_01_v3	81864 82111 82128	1
	# c1.bam Pf3D7_01_v3 81864 82111 82128 Hapotype:	 G T G	11
c1.bam	Pf3D7_01_v3	81870 81885 82111	1
	# c1.bam Pf3D7_01_v3 81870 81885 82111 Hapotype:	 A T T	8
c1.bam	Pf3D7_01_v3	81870 81885 82128	1
	# c1.bam Pf3D7_01_v3 81870 81885 82128 Hapotype:	 A T G	8
c1.bam	Pf3D7_01_v3	81870 81911 82111	1
	# c1.bam Pf3D7_01_v3 81870 81911 82111 Hapotype:	 A A T	6
c1.bam	Pf3D7_01_v3	81870 81911 82128	1
	# c1.bam Pf3D7_01_v3 81870 81911 82128 Hapotype:	 A A G	6
c1.bam	Pf3D7_01_v3	81870 82111 82128	1
	# c1.bam Pf3D7_01_v3 81870 82111 82128 Hapotype:	 A T G	11
c1.bam	Pf3D7_01_v3	81885 81911 82111	1
	# c1.bam Pf3D7_01_v3 81885 81911 82111 Hapotype:	 T A T	6
c1.bam	Pf3D7_01_v3	81885 81911 82128	1
	# c1.bam Pf3D7_01_v3 81885 81911 82128 Hapotype:	 T A G	6
c1.bam	Pf3D7_01_v3	81885 82111 82128	1
	# c1.bam Pf3D7_01_v3 81885 82111 82128 Hapotype:	 T T G	8
c1.bam	Pf3D7_01_v3	81911 82111 82128	1
	# c1.bam Pf3D7_01_v3 81911 82111 82128 Hapotype:	 A T G	6
c1.bam	Pf3D7_01_v3	87651 87700 87935	3
	# c1.bam Pf3D7_01_v3 87651 87700 87935 Hapotype:	 A T T	7
	# c1.bam Pf3D7_01_v3 87651 87700 87935 Hapotype:	 T C T	3
	# c1.bam Pf3D7_01_v3 87651 87700 87935 Hapotype:	 C T C	3
c1.bam	Pf3D7_01_v3	87651 87700 88001	1
	# c1.bam Pf3D7_01_v3 87651 87700 88001 Hapotype:	 A T A	6
c1.bam	Pf3D7_01_v3	87651 87935 88001	1
	# c1.bam Pf3D7_01_v3 87651 87935 88001 Hapotype:	 A T A	6
c1.bam	Pf3D7_01_v3	87700 87733 87935	3
	# c1.bam Pf3D7_01_v3 87700 87733 87935 Hapotype:	 T G T	4
	# c1.bam Pf3D7_01_v3 87700 87733 87935 Hapotype:	 T T C	7
	# c1.bam Pf3D7_01_v3 87700 87733 87935 Hapotype:	 T G A	4
c1.bam	Pf3D7_01_v3	87700 87733 88001	2
	# c1.bam Pf3D7_01_v3 87700 87733 88001 Hapotype:	 C G C	5
	# c1.bam Pf3D7_01_v3 87700 87733 88001 Hapotype:	 T T C	2
c1.bam	Pf3D7_01_v3	87700 87935 88001	2
	# c1.bam Pf3D7_01_v3 87700 87935 88001 Hapotype:	 T T A	6
	# c1.bam Pf3D7_01_v3 87700 87935 88001 Hapotype:	 T C C	2
c1.bam	Pf3D7_01_v3	87733 87755 88001	1
	# c1.bam Pf3D7_01_v3 87733 87755 88001 Hapotype:	 G A C	9
c1.bam	Pf3D7_01_v3	87733 87794 88001	1
	# c1.bam Pf3D7_01_v3 87733 87794 88001 Hapotype:	 G T C	2
c1.bam	Pf3D7_01_v3	87733 87935 88001	1
	# c1.bam Pf3D7_01_v3 87733 87935 88001 Hapotype:	 T C C	2
c1.bam	Pf3D7_01_v3	87755 87794 88001	1
	# c1.bam Pf3D7_01_v3 87755 87794 88001 Hapotype:	 A T C	2
c1.bam	Pf3D7_01_v3	92641 92669 92883	1
	# c1.bam Pf3D7_01_v3 92641 92669 92883 Hapotype:	 T G G	5
c1.bam	Pf3D7_01_v3	92641 92672 92883	1
	# c1.bam Pf3D7_01_v3 92641 92672 92883 Hapotype:	 T C G	5
c1.bam	Pf3D7_01_v3	95529 95621 95632	1
	# c1.bam Pf3D7_01_v3 95529 95621 95632 Hapotype:	 A A A	4
c1.bam	Pf3D7_01_v3	95529 95621 95641	1
	# c1.bam Pf3D7_01_v3 95529 95621 95641 Hapotype:	 A A A	4
c1.bam	Pf3D7_01_v3	95529 95710 95742	1
	# c1.bam Pf3D7_01_v3 95529 95710 95742 Hapotype:	 A C A	4
c1.bam	Pf3D7_01_v3	95529 95710 95754	1
	# c1.bam Pf3D7_01_v3 95529 95710 95754 Hapotype:	 A C T	4
c1.bam	Pf3D7_01_v3	95529 95742 95754	1
	# c1.bam Pf3D7_01_v3 95529 95742 95754 Hapotype:	 A A T	16
c1.bam	Pf3D7_01_v3	95621 95632 95710	1
	# c1.bam Pf3D7_01_v3 95621 95632 95710 Hapotype:	 A A C	3
c1.bam	Pf3D7_01_v3	95621 95632 95742	1
	# c1.bam Pf3D7_01_v3 95621 95632 95742 Hapotype:	 A A A	4
c1.bam	Pf3D7_01_v3	95621 95632 95754	1
	# c1.bam Pf3D7_01_v3 95621 95632 95754 Hapotype:	 A A T	4
c1.bam	Pf3D7_01_v3	95621 95632 95839	1
	# c1.bam Pf3D7_01_v3 95621 95632 95839 Hapotype:	 A A C	11
c1.bam	Pf3D7_01_v3	95621 95641 95742	1
	# c1.bam Pf3D7_01_v3 95621 95641 95742 Hapotype:	 A A A	4
c1.bam	Pf3D7_01_v3	95621 95641 95754	1
	# c1.bam Pf3D7_01_v3 95621 95641 95754 Hapotype:	 A A T	4
c1.bam	Pf3D7_01_v3	95621 95641 95839	1
	# c1.bam Pf3D7_01_v3 95621 95641 95839 Hapotype:	 A A C	11
c1.bam	Pf3D7_01_v3	95621 95710 95742	1
	# c1.bam Pf3D7_01_v3 95621 95710 95742 Hapotype:	 A C A	3
c1.bam	Pf3D7_01_v3	95621 95710 95754	1
	# c1.bam Pf3D7_01_v3 95621 95710 95754 Hapotype:	 A C T	3
c1.bam	Pf3D7_01_v3	95621 95742 95754	1
	# c1.bam Pf3D7_01_v3 95621 95742 95754 Hapotype:	 A A T	4
c1.bam	Pf3D7_01_v3	95632 95680 95839	1
	# c1.bam Pf3D7_01_v3 95632 95680 95839 Hapotype:	 A G C	2
c1.bam	Pf3D7_01_v3	95632 95710 95742	1
	# c1.bam Pf3D7_01_v3 95632 95710 95742 Hapotype:	 A C A	4
c1.bam	Pf3D7_01_v3	95632 95710 95754	1
	# c1.bam Pf3D7_01_v3 95632 95710 95754 Hapotype:	 A C T	4
c1.bam	Pf3D7_01_v3	95632 95742 95754	1
	# c1.bam Pf3D7_01_v3 95632 95742 95754 Hapotype:	 A A T	5
c1.bam	Pf3D7_01_v3	95641 95680 95839	1
	# c1.bam Pf3D7_01_v3 95641 95680 95839 Hapotype:	 A G C	2
c1.bam	Pf3D7_01_v3	95641 95742 95754	1
	# c1.bam Pf3D7_01_v3 95641 95742 95754 Hapotype:	 A A T	5
c1.bam	Pf3D7_01_v3	143730 143951 143981	1
	# c1.bam Pf3D7_01_v3 143730 143951 143981 Hapotype:	 C G A	10
c1.bam	Pf3D7_01_v3	155877 155895 155977	1
	# c1.bam Pf3D7_01_v3 155877 155895 155977 Hapotype:	 A A A	2
c1.bam	Pf3D7_01_v3	155877 155895 155978	1
	# c1.bam Pf3D7_01_v3 155877 155895 155978 Hapotype:	 A A T	2
c1.bam	Pf3D7_01_v3	161885 162145 162187	1
	# c1.bam Pf3D7_01_v3 161885 162145 162187 Hapotype:	 G C G	3
c1.bam	Pf3D7_01_v3	162145 162187 162384	3
	# c1.bam Pf3D7_01_v3 162145 162187 162384 Hapotype:	 C C G	21
	# c1.bam Pf3D7_01_v3 162145 162187 162384 Hapotype:	 C G G	66
	# c1.bam Pf3D7_01_v3 162145 162187 162384 Hapotype:	 G C G	4
c1.bam	Pf3D7_01_v3	180030 180277 180288	1
	# c1.bam Pf3D7_01_v3 180030 180277 180288 Hapotype:	 A A C	7
c1.bam	Pf3D7_01_v3	180034 180277 180288	1
	# c1.bam Pf3D7_01_v3 180034 180277 180288 Hapotype:	 T A C	7
c1.bam	Pf3D7_01_v3	180277 180288 180379	1
	# c1.bam Pf3D7_01_v3 180277 180288 180379 Hapotype:	 A C A	2
c1.bam	Pf3D7_01_v3	180277 180288 180554	1
	# c1.bam Pf3D7_01_v3 180277 180288 180554 Hapotype:	 A C A	8
c1.bam	Pf3D7_01_v3	487964 487976 488150	1
	# c1.bam Pf3D7_01_v3 487964 487976 488150 Hapotype:	 A T C	23
c1.bam	Pf3D7_01_v3	487964 487976 488243	1
	# c1.bam Pf3D7_01_v3 487964 487976 488243 Hapotype:	 A T C	4
c1.bam	Pf3D7_01_v3	487964 487976 488249	1
	# c1.bam Pf3D7_01_v3 487964 487976 488249 Hapotype:	 A T A	5
c1.bam	Pf3D7_01_v3	495342 495385 495680	1
	# c1.bam Pf3D7_01_v3 495342 495385 495680 Hapotype:	 G G A	2
c1.bam	Pf3D7_01_v3	495342 495388 495680	1
	# c1.bam Pf3D7_01_v3 495342 495388 495680 Hapotype:	 G G A	2
c1.bam	Pf3D7_01_v3	495385 495680 495698	1
	# c1.bam Pf3D7_01_v3 495385 495680 495698 Hapotype:	 G A C	11
c1.bam	Pf3D7_01_v3	495385 495680 495709	1
	# c1.bam Pf3D7_01_v3 495385 495680 495709 Hapotype:	 G A C	8
c1.bam	Pf3D7_01_v3	495385 495680 495719	1
	# c1.bam Pf3D7_01_v3 495385 495680 495719 Hapotype:	 G A C	2
c1.bam	Pf3D7_01_v3	495385 495698 495709	1
	# c1.bam Pf3D7_01_v3 495385 495698 495709 Hapotype:	 G C C	8
c1.bam	Pf3D7_01_v3	495385 495698 495719	1
	# c1.bam Pf3D7_01_v3 495385 495698 495719 Hapotype:	 G C C	3
c1.bam	Pf3D7_01_v3	495385 495709 495719	1
	# c1.bam Pf3D7_01_v3 495385 495709 495719 Hapotype:	 G C C	3
c1.bam	Pf3D7_01_v3	495388 495680 495698	1
	# c1.bam Pf3D7_01_v3 495388 495680 495698 Hapotype:	 G A C	11
c1.bam	Pf3D7_01_v3	495388 495680 495709	1
	# c1.bam Pf3D7_01_v3 495388 495680 495709 Hapotype:	 G A C	8
c1.bam	Pf3D7_01_v3	495388 495680 495719	1
	# c1.bam Pf3D7_01_v3 495388 495680 495719 Hapotype:	 G A C	2
c1.bam	Pf3D7_01_v3	495388 495698 495709	1
	# c1.bam Pf3D7_01_v3 495388 495698 495709 Hapotype:	 G C C	8
c1.bam	Pf3D7_01_v3	495388 495698 495719	1
	# c1.bam Pf3D7_01_v3 495388 495698 495719 Hapotype:	 G C C	3
c1.bam	Pf3D7_01_v3	495388 495709 495719	1
	# c1.bam Pf3D7_01_v3 495388 495709 495719 Hapotype:	 G C C	3
c1.bam	Pf3D7_01_v3	495475 495680 495698	1
	# c1.bam Pf3D7_01_v3 495475 495680 495698 Hapotype:	 G A C	2
c1.bam	Pf3D7_01_v3	495475 495680 495709	1
	# c1.bam Pf3D7_01_v3 495475 495680 495709 Hapotype:	 G A C	2
c1.bam	Pf3D7_01_v3	495475 495680 495719	1
	# c1.bam Pf3D7_01_v3 495475 495680 495719 Hapotype:	 G A C	2
c1.bam	Pf3D7_01_v3	495475 495698 495709	1
	# c1.bam Pf3D7_01_v3 495475 495698 495709 Hapotype:	 G C C	4
c1.bam	Pf3D7_01_v3	495475 495698 495719	1
	# c1.bam Pf3D7_01_v3 495475 495698 495719 Hapotype:	 G C C	4
c1.bam	Pf3D7_01_v3	495475 495698 495747	1
	# c1.bam Pf3D7_01_v3 495475 495698 495747 Hapotype:	 G C T	2
c1.bam	Pf3D7_01_v3	495475 495709 495719	1
	# c1.bam Pf3D7_01_v3 495475 495709 495719 Hapotype:	 G C C	6
c1.bam	Pf3D7_01_v3	495475 495709 495747	1
	# c1.bam Pf3D7_01_v3 495475 495709 495747 Hapotype:	 G C T	4
c1.bam	Pf3D7_01_v3	495475 495719 495747	1
	# c1.bam Pf3D7_01_v3 495475 495719 495747 Hapotype:	 G C T	5
c1.bam	Pf3D7_01_v3	495475 495747 495778	1
	# c1.bam Pf3D7_01_v3 495475 495747 495778 Hapotype:	 G T T	10
c1.bam	Pf3D7_01_v3	495680 495698 495994	1
	# c1.bam Pf3D7_01_v3 495680 495698 495994 Hapotype:	 A C C	26
c1.bam	Pf3D7_01_v3	495680 495698 495999	1
	# c1.bam Pf3D7_01_v3 495680 495698 495999 Hapotype:	 A C C	24
c1.bam	Pf3D7_01_v3	495680 495709 495994	1
	# c1.bam Pf3D7_01_v3 495680 495709 495994 Hapotype:	 A C C	25
c1.bam	Pf3D7_01_v3	495680 495709 495999	1
	# c1.bam Pf3D7_01_v3 495680 495709 495999 Hapotype:	 A C C	24
c1.bam	Pf3D7_01_v3	495680 495719 495994	1
	# c1.bam Pf3D7_01_v3 495680 495719 495994 Hapotype:	 A C C	25
c1.bam	Pf3D7_01_v3	495680 495719 495999	1
	# c1.bam Pf3D7_01_v3 495680 495719 495999 Hapotype:	 A C C	24
c1.bam	Pf3D7_01_v3	495680 495747 495994	1
	# c1.bam Pf3D7_01_v3 495680 495747 495994 Hapotype:	 A T C	4
c1.bam	Pf3D7_01_v3	495680 495747 495999	1
	# c1.bam Pf3D7_01_v3 495680 495747 495999 Hapotype:	 A T C	4
c1.bam	Pf3D7_01_v3	495698 495709 495994	1
	# c1.bam Pf3D7_01_v3 495698 495709 495994 Hapotype:	 C C C	31
c1.bam	Pf3D7_01_v3	495698 495709 495999	1
	# c1.bam Pf3D7_01_v3 495698 495709 495999 Hapotype:	 C C C	30
c1.bam	Pf3D7_01_v3	495698 495719 495994	1
	# c1.bam Pf3D7_01_v3 495698 495719 495994 Hapotype:	 C C C	31
c1.bam	Pf3D7_01_v3	495698 495719 495999	1
	# c1.bam Pf3D7_01_v3 495698 495719 495999 Hapotype:	 C C C	30
c1.bam	Pf3D7_01_v3	495698 495747 495994	1
	# c1.bam Pf3D7_01_v3 495698 495747 495994 Hapotype:	 C T C	10
c1.bam	Pf3D7_01_v3	495698 495747 495999	1
	# c1.bam Pf3D7_01_v3 495698 495747 495999 Hapotype:	 C T C	10
c1.bam	Pf3D7_01_v3	495709 495719 495994	1
	# c1.bam Pf3D7_01_v3 495709 495719 495994 Hapotype:	 C C C	31
c1.bam	Pf3D7_01_v3	495709 495719 495999	1
	# c1.bam Pf3D7_01_v3 495709 495719 495999 Hapotype:	 C C C	30
c1.bam	Pf3D7_01_v3	495709 495747 495994	1
	# c1.bam Pf3D7_01_v3 495709 495747 495994 Hapotype:	 C T C	10
c1.bam	Pf3D7_01_v3	495709 495747 495999	1
	# c1.bam Pf3D7_01_v3 495709 495747 495999 Hapotype:	 C T C	10
c1.bam	Pf3D7_01_v3	495719 495747 495994	1
	# c1.bam Pf3D7_01_v3 495719 495747 495994 Hapotype:	 C T C	14
c1.bam	Pf3D7_01_v3	495719 495747 495999	1
	# c1.bam Pf3D7_01_v3 495719 495747 495999 Hapotype:	 C T C	14
c1.bam	Pf3D7_01_v3	495719 495778 495994	1
	# c1.bam Pf3D7_01_v3 495719 495778 495994 Hapotype:	 C T C	4
c1.bam	Pf3D7_01_v3	495719 495778 495999	1
	# c1.bam Pf3D7_01_v3 495719 495778 495999 Hapotype:	 C T C	4
c1.bam	Pf3D7_01_v3	495747 495778 495994	1
	# c1.bam Pf3D7_01_v3 495747 495778 495994 Hapotype:	 T T C	7
c1.bam	Pf3D7_01_v3	495747 495778 495999	1
	# c1.bam Pf3D7_01_v3 495747 495778 495999 Hapotype:	 T T C	9
c1.bam	Pf3D7_01_v3	495747 495778 496106	1
	# c1.bam Pf3D7_01_v3 495747 495778 496106 Hapotype:	 T T T	3
c1.bam	Pf3D7_01_v3	497572 497617 497883	1
	# c1.bam Pf3D7_01_v3 497572 497617 497883 Hapotype:	 G A G	10
c1.bam	Pf3D7_01_v3	499466 499681 499710	1
	# c1.bam Pf3D7_01_v3 499466 499681 499710 Hapotype:	 T T A	4
c1.bam	Pf3D7_01_v3	499466 499684 499710	1
	# c1.bam Pf3D7_01_v3 499466 499684 499710 Hapotype:	 T G A	4
c1.bam	Pf3D7_01_v3	499681 499710 499969	1
	# c1.bam Pf3D7_01_v3 499681 499710 499969 Hapotype:	 T A G	64
c1.bam	Pf3D7_01_v3	499684 499710 499969	1
	# c1.bam Pf3D7_01_v3 499684 499710 499969 Hapotype:	 G A G	64
c1.bam	Pf3D7_01_v3	512185 512205 512508	1
	# c1.bam Pf3D7_01_v3 512185 512205 512508 Hapotype:	 C G A	4
c1.bam	Pf3D7_01_v3	512185 512205 512511	1
	# c1.bam Pf3D7_01_v3 512185 512205 512511 Hapotype:	 C G C	4
c1.bam	Pf3D7_01_v3	512185 512205 512514	1
	# c1.bam Pf3D7_01_v3 512185 512205 512514 Hapotype:	 C G C	4
c1.bam	Pf3D7_01_v3	512508 512556 512741	1
	# c1.bam Pf3D7_01_v3 512508 512556 512741 Hapotype:	 A T A	2
c1.bam	Pf3D7_01_v3	512511 512556 512741	1
	# c1.bam Pf3D7_01_v3 512511 512556 512741 Hapotype:	 C T A	2
c1.bam	Pf3D7_01_v3	512514 512556 512741	1
	# c1.bam Pf3D7_01_v3 512514 512556 512741 Hapotype:	 C T A	2
c1.bam	Pf3D7_01_v3	512697 512741 512936	1
	# c1.bam Pf3D7_01_v3 512697 512741 512936 Hapotype:	 T A A	7
c1.bam	Pf3D7_01_v3	512697 512741 512945	1
	# c1.bam Pf3D7_01_v3 512697 512741 512945 Hapotype:	 T A C	7
c1.bam	Pf3D7_01_v3	512697 512936 512992	1
	# c1.bam Pf3D7_01_v3 512697 512936 512992 Hapotype:	 T A A	3
c1.bam	Pf3D7_01_v3	512697 512945 512992	1
	# c1.bam Pf3D7_01_v3 512697 512945 512992 Hapotype:	 T C A	3
c1.bam	Pf3D7_01_v3	514359 514369 514561	1
	# c1.bam Pf3D7_01_v3 514359 514369 514561 Hapotype:	 G A G	3
c1.bam	Pf3D7_01_v3	514359 514369 514573	1
	# c1.bam Pf3D7_01_v3 514359 514369 514573 Hapotype:	 G A G	3
c1.bam	Pf3D7_01_v3	514359 514561 514573	1
	# c1.bam Pf3D7_01_v3 514359 514561 514573 Hapotype:	 G G G	3
c1.bam	Pf3D7_01_v3	514367 514561 514573	1
	# c1.bam Pf3D7_01_v3 514367 514561 514573 Hapotype:	 G G G	3
c1.bam	Pf3D7_01_v3	514369 514561 514573	1
	# c1.bam Pf3D7_01_v3 514369 514561 514573 Hapotype:	 A G G	3
c1.bam	Pf3D7_01_v3	514974 515301 515330	1
	# c1.bam Pf3D7_01_v3 514974 515301 515330 Hapotype:	 T A T	12
c1.bam	Pf3D7_01_v3	527830 528041 528069	1
	# c1.bam Pf3D7_01_v3 527830 528041 528069 Hapotype:	 T A T	11
c1.bam	Pf3D7_01_v3	527830 528050 528069	1
	# c1.bam Pf3D7_01_v3 527830 528050 528069 Hapotype:	 T C T	15
c1.bam	Pf3D7_01_v3	527830 528050 528108	1
	# c1.bam Pf3D7_01_v3 527830 528050 528108 Hapotype:	 T C A	4
c1.bam	Pf3D7_01_v3	527830 528069 528108	1
	# c1.bam Pf3D7_01_v3 527830 528069 528108 Hapotype:	 T T A	5
c1.bam	Pf3D7_01_v3	529726 530054 530065	1
	# c1.bam Pf3D7_01_v3 529726 530054 530065 Hapotype:	 A C G	13
c1.bam	Pf3D7_01_v3	529907 530054 530065	1
	# c1.bam Pf3D7_01_v3 529907 530054 530065 Hapotype:	 A C G	4
c1.bam	Pf3D7_01_v3	529907 530054 530089	1
	# c1.bam Pf3D7_01_v3 529907 530054 530089 Hapotype:	 A C A	2
c1.bam	Pf3D7_01_v3	529907 530056 530089	1
	# c1.bam Pf3D7_01_v3 529907 530056 530089 Hapotype:	 A A A	2
c1.bam	Pf3D7_01_v3	529907 530060 530089	1
	# c1.bam Pf3D7_01_v3 529907 530060 530089 Hapotype:	 A T A	2
c1.bam	Pf3D7_01_v3	529907 530065 530089	1
	# c1.bam Pf3D7_01_v3 529907 530065 530089 Hapotype:	 A G A	2
c1.bam	Pf3D7_01_v3	530405 530688 530712	1
	# c1.bam Pf3D7_01_v3 530405 530688 530712 Hapotype:	 A A A	2
c1.bam	Pf3D7_01_v3	530405 530688 530715	1
	# c1.bam Pf3D7_01_v3 530405 530688 530715 Hapotype:	 A A C	2
c1.bam	Pf3D7_01_v3	530405 530688 530724	1
	# c1.bam Pf3D7_01_v3 530405 530688 530724 Hapotype:	 A A T	2
c1.bam	Pf3D7_01_v3	530405 530688 530731	1
	# c1.bam Pf3D7_01_v3 530405 530688 530731 Hapotype:	 A A A	2
c1.bam	Pf3D7_01_v3	530405 530712 530724	1
	# c1.bam Pf3D7_01_v3 530405 530712 530724 Hapotype:	 A A T	2
c1.bam	Pf3D7_01_v3	530405 530712 530731	1
	# c1.bam Pf3D7_01_v3 530405 530712 530731 Hapotype:	 A A A	2
c1.bam	Pf3D7_01_v3	530405 530715 530731	1
	# c1.bam Pf3D7_01_v3 530405 530715 530731 Hapotype:	 A C A	2
c1.bam	Pf3D7_01_v3	530458 530499 530605	1
	# c1.bam Pf3D7_01_v3 530458 530499 530605 Hapotype:	 G T A	2
c1.bam	Pf3D7_01_v3	530458 530499 530640	1
	# c1.bam Pf3D7_01_v3 530458 530499 530640 Hapotype:	 G T C	2
c1.bam	Pf3D7_01_v3	530458 530605 530640	1
	# c1.bam Pf3D7_01_v3 530458 530605 530640 Hapotype:	 G A C	3
c1.bam	Pf3D7_01_v3	530458 530688 530712	1
	# c1.bam Pf3D7_01_v3 530458 530688 530712 Hapotype:	 G A A	3
c1.bam	Pf3D7_01_v3	530458 530688 530715	1
	# c1.bam Pf3D7_01_v3 530458 530688 530715 Hapotype:	 G A C	3
c1.bam	Pf3D7_01_v3	530458 530688 530724	1
	# c1.bam Pf3D7_01_v3 530458 530688 530724 Hapotype:	 G A T	3
c1.bam	Pf3D7_01_v3	530458 530688 530731	1
	# c1.bam Pf3D7_01_v3 530458 530688 530731 Hapotype:	 G A A	2
c1.bam	Pf3D7_01_v3	530458 530712 530724	1
	# c1.bam Pf3D7_01_v3 530458 530712 530724 Hapotype:	 G A T	6
c1.bam	Pf3D7_01_v3	530458 530712 530731	1
	# c1.bam Pf3D7_01_v3 530458 530712 530731 Hapotype:	 G A A	5
c1.bam	Pf3D7_01_v3	530458 530715 530731	1
	# c1.bam Pf3D7_01_v3 530458 530715 530731 Hapotype:	 G C A	5
c1.bam	Pf3D7_01_v3	530463 530499 530605	1
	# c1.bam Pf3D7_01_v3 530463 530499 530605 Hapotype:	 A T A	2
c1.bam	Pf3D7_01_v3	530463 530499 530640	1
	# c1.bam Pf3D7_01_v3 530463 530499 530640 Hapotype:	 A T C	2
c1.bam	Pf3D7_01_v3	530463 530605 530640	1
	# c1.bam Pf3D7_01_v3 530463 530605 530640 Hapotype:	 A A C	3
c1.bam	Pf3D7_01_v3	530463 530688 530712	1
	# c1.bam Pf3D7_01_v3 530463 530688 530712 Hapotype:	 A A A	3
c1.bam	Pf3D7_01_v3	530463 530688 530715	1
	# c1.bam Pf3D7_01_v3 530463 530688 530715 Hapotype:	 A A C	3
c1.bam	Pf3D7_01_v3	530463 530688 530724	1
	# c1.bam Pf3D7_01_v3 530463 530688 530724 Hapotype:	 A A T	3
c1.bam	Pf3D7_01_v3	530463 530688 530731	1
	# c1.bam Pf3D7_01_v3 530463 530688 530731 Hapotype:	 A A A	2
c1.bam	Pf3D7_01_v3	530463 530712 530724	1
	# c1.bam Pf3D7_01_v3 530463 530712 530724 Hapotype:	 A A T	6
c1.bam	Pf3D7_01_v3	530463 530712 530731	1
	# c1.bam Pf3D7_01_v3 530463 530712 530731 Hapotype:	 A A A	5
c1.bam	Pf3D7_01_v3	530463 530715 530731	1
	# c1.bam Pf3D7_01_v3 530463 530715 530731 Hapotype:	 A C A	5
c1.bam	Pf3D7_01_v3	530499 530605 530640	1
	# c1.bam Pf3D7_01_v3 530499 530605 530640 Hapotype:	 T A C	2
c1.bam	Pf3D7_01_v3	530605 530640 530724	1
	# c1.bam Pf3D7_01_v3 530605 530640 530724 Hapotype:	 A C T	2
c1.bam	Pf3D7_01_v3	530605 530640 530731	1
	# c1.bam Pf3D7_01_v3 530605 530640 530731 Hapotype:	 A C A	2
c1.bam	Pf3D7_01_v3	530605 530640 530869	1
	# c1.bam Pf3D7_01_v3 530605 530640 530869 Hapotype:	 A C G	3
c1.bam	Pf3D7_01_v3	530605 530640 530913	1
	# c1.bam Pf3D7_01_v3 530605 530640 530913 Hapotype:	 A C G	5
c1.bam	Pf3D7_01_v3	530605 530640 530920	1
	# c1.bam Pf3D7_01_v3 530605 530640 530920 Hapotype:	 A C G	4
c1.bam	Pf3D7_01_v3	530605 530640 530923	1
	# c1.bam Pf3D7_01_v3 530605 530640 530923 Hapotype:	 A C T	4
c1.bam	Pf3D7_01_v3	530605 530640 530928	1
	# c1.bam Pf3D7_01_v3 530605 530640 530928 Hapotype:	 A C A	4
c1.bam	Pf3D7_01_v3	530605 530712 530724	1
	# c1.bam Pf3D7_01_v3 530605 530712 530724 Hapotype:	 A A T	2
c1.bam	Pf3D7_01_v3	530605 530712 530731	1
	# c1.bam Pf3D7_01_v3 530605 530712 530731 Hapotype:	 A A A	2
c1.bam	Pf3D7_01_v3	530605 530715 530731	1
	# c1.bam Pf3D7_01_v3 530605 530715 530731 Hapotype:	 A C A	2
c1.bam	Pf3D7_01_v3	530605 530869 530913	1
	# c1.bam Pf3D7_01_v3 530605 530869 530913 Hapotype:	 A G G	3
c1.bam	Pf3D7_01_v3	530605 530869 530920	1
	# c1.bam Pf3D7_01_v3 530605 530869 530920 Hapotype:	 A G G	2
c1.bam	Pf3D7_01_v3	530605 530869 530923	1
	# c1.bam Pf3D7_01_v3 530605 530869 530923 Hapotype:	 A G T	2
c1.bam	Pf3D7_01_v3	530605 530869 530928	1
	# c1.bam Pf3D7_01_v3 530605 530869 530928 Hapotype:	 A G A	2
c1.bam	Pf3D7_01_v3	530605 530913 530923	1
	# c1.bam Pf3D7_01_v3 530605 530913 530923 Hapotype:	 A G T	4
c1.bam	Pf3D7_01_v3	530605 530913 530928	1
	# c1.bam Pf3D7_01_v3 530605 530913 530928 Hapotype:	 A G A	4
c1.bam	Pf3D7_01_v3	530640 530869 530913	1
	# c1.bam Pf3D7_01_v3 530640 530869 530913 Hapotype:	 C G G	3
c1.bam	Pf3D7_01_v3	530640 530869 530920	1
	# c1.bam Pf3D7_01_v3 530640 530869 530920 Hapotype:	 C G G	2
c1.bam	Pf3D7_01_v3	530640 530869 530923	1
	# c1.bam Pf3D7_01_v3 530640 530869 530923 Hapotype:	 C G T	2
c1.bam	Pf3D7_01_v3	530640 530869 530928	1
	# c1.bam Pf3D7_01_v3 530640 530869 530928 Hapotype:	 C G A	2
c1.bam	Pf3D7_01_v3	530640 530913 530923	1
	# c1.bam Pf3D7_01_v3 530640 530913 530923 Hapotype:	 C G T	4
c1.bam	Pf3D7_01_v3	530640 530913 530928	1
	# c1.bam Pf3D7_01_v3 530640 530913 530928 Hapotype:	 C G A	4
c1.bam	Pf3D7_01_v3	530839 530863 531103	1
	# c1.bam Pf3D7_01_v3 530839 530863 531103 Hapotype:	 G G A	3
c1.bam	Pf3D7_01_v3	530839 530863 531142	1
	# c1.bam Pf3D7_01_v3 530839 530863 531142 Hapotype:	 G G G	3
c1.bam	Pf3D7_01_v3	530839 530863 531145	1
	# c1.bam Pf3D7_01_v3 530839 530863 531145 Hapotype:	 G G C	3
c1.bam	Pf3D7_01_v3	530839 530863 531155	1
	# c1.bam Pf3D7_01_v3 530839 530863 531155 Hapotype:	 G G C	2
c1.bam	Pf3D7_01_v3	530839 530863 531166	1
	# c1.bam Pf3D7_01_v3 530839 530863 531166 Hapotype:	 G G G	3
c1.bam	Pf3D7_01_v3	530839 530869 531103	1
	# c1.bam Pf3D7_01_v3 530839 530869 531103 Hapotype:	 G G A	3
c1.bam	Pf3D7_01_v3	530839 530869 531142	1
	# c1.bam Pf3D7_01_v3 530839 530869 531142 Hapotype:	 G G G	3
c1.bam	Pf3D7_01_v3	530839 530869 531145	1
	# c1.bam Pf3D7_01_v3 530839 530869 531145 Hapotype:	 G G C	3
c1.bam	Pf3D7_01_v3	530839 530869 531155	1
	# c1.bam Pf3D7_01_v3 530839 530869 531155 Hapotype:	 G G C	2
c1.bam	Pf3D7_01_v3	530839 530869 531166	1
	# c1.bam Pf3D7_01_v3 530839 530869 531166 Hapotype:	 G G G	3
c1.bam	Pf3D7_01_v3	530839 531103 531142	1
	# c1.bam Pf3D7_01_v3 530839 531103 531142 Hapotype:	 G A G	3
c1.bam	Pf3D7_01_v3	530839 531103 531145	1
	# c1.bam Pf3D7_01_v3 530839 531103 531145 Hapotype:	 G A C	3
c1.bam	Pf3D7_01_v3	530839 531103 531155	1
	# c1.bam Pf3D7_01_v3 530839 531103 531155 Hapotype:	 G A C	2
c1.bam	Pf3D7_01_v3	530839 531103 531166	1
	# c1.bam Pf3D7_01_v3 530839 531103 531166 Hapotype:	 G A G	3
c1.bam	Pf3D7_01_v3	530839 531142 531155	1
	# c1.bam Pf3D7_01_v3 530839 531142 531155 Hapotype:	 G G C	2
c1.bam	Pf3D7_01_v3	530839 531142 531166	1
	# c1.bam Pf3D7_01_v3 530839 531142 531166 Hapotype:	 G G G	3
c1.bam	Pf3D7_01_v3	530839 531145 531155	1
	# c1.bam Pf3D7_01_v3 530839 531145 531155 Hapotype:	 G C C	2
c1.bam	Pf3D7_01_v3	530839 531145 531166	1
	# c1.bam Pf3D7_01_v3 530839 531145 531166 Hapotype:	 G C G	3
c1.bam	Pf3D7_01_v3	530839 531155 531166	1
	# c1.bam Pf3D7_01_v3 530839 531155 531166 Hapotype:	 G C G	2
c1.bam	Pf3D7_01_v3	530863 530913 531094	1
	# c1.bam Pf3D7_01_v3 530863 530913 531094 Hapotype:	 G G T	3
c1.bam	Pf3D7_01_v3	530863 530913 531103	1
	# c1.bam Pf3D7_01_v3 530863 530913 531103 Hapotype:	 G G A	3
c1.bam	Pf3D7_01_v3	530863 530913 531142	1
	# c1.bam Pf3D7_01_v3 530863 530913 531142 Hapotype:	 G G G	6
c1.bam	Pf3D7_01_v3	530863 530913 531145	1
	# c1.bam Pf3D7_01_v3 530863 530913 531145 Hapotype:	 G G C	6
c1.bam	Pf3D7_01_v3	530863 530913 531155	1
	# c1.bam Pf3D7_01_v3 530863 530913 531155 Hapotype:	 G G C	6
c1.bam	Pf3D7_01_v3	530863 530913 531166	1
	# c1.bam Pf3D7_01_v3 530863 530913 531166 Hapotype:	 G G G	3
c1.bam	Pf3D7_01_v3	530863 530920 531094	1
	# c1.bam Pf3D7_01_v3 530863 530920 531094 Hapotype:	 G G T	2
c1.bam	Pf3D7_01_v3	530863 530920 531103	1
	# c1.bam Pf3D7_01_v3 530863 530920 531103 Hapotype:	 G G A	2
c1.bam	Pf3D7_01_v3	530863 530920 531142	1
	# c1.bam Pf3D7_01_v3 530863 530920 531142 Hapotype:	 G G G	2
c1.bam	Pf3D7_01_v3	530863 530920 531145	1
	# c1.bam Pf3D7_01_v3 530863 530920 531145 Hapotype:	 G G C	2
c1.bam	Pf3D7_01_v3	530863 530920 531155	1
	# c1.bam Pf3D7_01_v3 530863 530920 531155 Hapotype:	 G G C	2
c1.bam	Pf3D7_01_v3	530863 530923 531094	1
	# c1.bam Pf3D7_01_v3 530863 530923 531094 Hapotype:	 G T T	2
c1.bam	Pf3D7_01_v3	530863 530923 531103	1
	# c1.bam Pf3D7_01_v3 530863 530923 531103 Hapotype:	 G T A	2
c1.bam	Pf3D7_01_v3	530863 530923 531142	1
	# c1.bam Pf3D7_01_v3 530863 530923 531142 Hapotype:	 G T G	2
c1.bam	Pf3D7_01_v3	530863 530923 531145	1
	# c1.bam Pf3D7_01_v3 530863 530923 531145 Hapotype:	 G T C	2
c1.bam	Pf3D7_01_v3	530863 530923 531155	1
	# c1.bam Pf3D7_01_v3 530863 530923 531155 Hapotype:	 G T C	2
c1.bam	Pf3D7_01_v3	530863 531094 531142	1
	# c1.bam Pf3D7_01_v3 530863 531094 531142 Hapotype:	 G T G	3
c1.bam	Pf3D7_01_v3	530863 531094 531145	1
	# c1.bam Pf3D7_01_v3 530863 531094 531145 Hapotype:	 G T C	3
c1.bam	Pf3D7_01_v3	530863 531094 531155	1
	# c1.bam Pf3D7_01_v3 530863 531094 531155 Hapotype:	 G T C	3
c1.bam	Pf3D7_01_v3	530863 531103 531142	1
	# c1.bam Pf3D7_01_v3 530863 531103 531142 Hapotype:	 G A G	6
c1.bam	Pf3D7_01_v3	530863 531103 531145	1
	# c1.bam Pf3D7_01_v3 530863 531103 531145 Hapotype:	 G A C	6
c1.bam	Pf3D7_01_v3	530863 531103 531155	1
	# c1.bam Pf3D7_01_v3 530863 531103 531155 Hapotype:	 G A C	5
c1.bam	Pf3D7_01_v3	530863 531103 531166	1
	# c1.bam Pf3D7_01_v3 530863 531103 531166 Hapotype:	 G A G	3
c1.bam	Pf3D7_01_v3	530863 531142 531155	1
	# c1.bam Pf3D7_01_v3 530863 531142 531155 Hapotype:	 G G C	8
c1.bam	Pf3D7_01_v3	530863 531142 531166	1
	# c1.bam Pf3D7_01_v3 530863 531142 531166 Hapotype:	 G G G	6
c1.bam	Pf3D7_01_v3	530863 531145 531155	1
	# c1.bam Pf3D7_01_v3 530863 531145 531155 Hapotype:	 G C C	8
c1.bam	Pf3D7_01_v3	530863 531145 531166	1
	# c1.bam Pf3D7_01_v3 530863 531145 531166 Hapotype:	 G C G	6
c1.bam	Pf3D7_01_v3	530863 531155 531166	1
	# c1.bam Pf3D7_01_v3 530863 531155 531166 Hapotype:	 G C G	5
c1.bam	Pf3D7_01_v3	530869 530913 531094	1
	# c1.bam Pf3D7_01_v3 530869 530913 531094 Hapotype:	 G G T	3
c1.bam	Pf3D7_01_v3	530869 530913 531103	1
	# c1.bam Pf3D7_01_v3 530869 530913 531103 Hapotype:	 G G A	4
c1.bam	Pf3D7_01_v3	530869 530913 531142	1
	# c1.bam Pf3D7_01_v3 530869 530913 531142 Hapotype:	 G G G	7
c1.bam	Pf3D7_01_v3	530869 530913 531145	1
	# c1.bam Pf3D7_01_v3 530869 530913 531145 Hapotype:	 G G C	7
c1.bam	Pf3D7_01_v3	530869 530913 531155	1
	# c1.bam Pf3D7_01_v3 530869 530913 531155 Hapotype:	 G G C	7
c1.bam	Pf3D7_01_v3	530869 530913 531166	1
	# c1.bam Pf3D7_01_v3 530869 530913 531166 Hapotype:	 G G G	4
c1.bam	Pf3D7_01_v3	530869 530920 531094	1
	# c1.bam Pf3D7_01_v3 530869 530920 531094 Hapotype:	 G G T	2
c1.bam	Pf3D7_01_v3	530869 530920 531103	1
	# c1.bam Pf3D7_01_v3 530869 530920 531103 Hapotype:	 G G A	3
c1.bam	Pf3D7_01_v3	530869 530920 531142	1
	# c1.bam Pf3D7_01_v3 530869 530920 531142 Hapotype:	 G G G	3
c1.bam	Pf3D7_01_v3	530869 530920 531145	1
	# c1.bam Pf3D7_01_v3 530869 530920 531145 Hapotype:	 G G C	3
c1.bam	Pf3D7_01_v3	530869 530920 531155	1
	# c1.bam Pf3D7_01_v3 530869 530920 531155 Hapotype:	 G G C	3
c1.bam	Pf3D7_01_v3	530869 530923 531094	1
	# c1.bam Pf3D7_01_v3 530869 530923 531094 Hapotype:	 G T T	2
c1.bam	Pf3D7_01_v3	530869 530923 531103	1
	# c1.bam Pf3D7_01_v3 530869 530923 531103 Hapotype:	 G T A	3
c1.bam	Pf3D7_01_v3	530869 530923 531142	1
	# c1.bam Pf3D7_01_v3 530869 530923 531142 Hapotype:	 G T G	3
c1.bam	Pf3D7_01_v3	530869 530923 531145	1
	# c1.bam Pf3D7_01_v3 530869 530923 531145 Hapotype:	 G T C	3
c1.bam	Pf3D7_01_v3	530869 530923 531155	1
	# c1.bam Pf3D7_01_v3 530869 530923 531155 Hapotype:	 G T C	3
c1.bam	Pf3D7_01_v3	530869 531094 531142	1
	# c1.bam Pf3D7_01_v3 530869 531094 531142 Hapotype:	 G T G	3
c1.bam	Pf3D7_01_v3	530869 531094 531145	1
	# c1.bam Pf3D7_01_v3 530869 531094 531145 Hapotype:	 G T C	3
c1.bam	Pf3D7_01_v3	530869 531094 531155	1
	# c1.bam Pf3D7_01_v3 530869 531094 531155 Hapotype:	 G T C	3
c1.bam	Pf3D7_01_v3	530869 531103 531142	1
	# c1.bam Pf3D7_01_v3 530869 531103 531142 Hapotype:	 G A G	7
c1.bam	Pf3D7_01_v3	530869 531103 531145	1
	# c1.bam Pf3D7_01_v3 530869 531103 531145 Hapotype:	 G A C	7
c1.bam	Pf3D7_01_v3	530869 531103 531155	1
	# c1.bam Pf3D7_01_v3 530869 531103 531155 Hapotype:	 G A C	6
c1.bam	Pf3D7_01_v3	530869 531103 531166	1
	# c1.bam Pf3D7_01_v3 530869 531103 531166 Hapotype:	 G A G	4
c1.bam	Pf3D7_01_v3	530869 531142 531155	1
	# c1.bam Pf3D7_01_v3 530869 531142 531155 Hapotype:	 G G C	9
c1.bam	Pf3D7_01_v3	530869 531142 531166	1
	# c1.bam Pf3D7_01_v3 530869 531142 531166 Hapotype:	 G G G	7
c1.bam	Pf3D7_01_v3	530869 531145 531155	1
	# c1.bam Pf3D7_01_v3 530869 531145 531155 Hapotype:	 G C C	9
c1.bam	Pf3D7_01_v3	530869 531145 531166	1
	# c1.bam Pf3D7_01_v3 530869 531145 531166 Hapotype:	 G C G	7
c1.bam	Pf3D7_01_v3	530869 531155 531166	1
	# c1.bam Pf3D7_01_v3 530869 531155 531166 Hapotype:	 G C G	6
c1.bam	Pf3D7_01_v3	530913 530923 531094	1
	# c1.bam Pf3D7_01_v3 530913 530923 531094 Hapotype:	 G T T	3
c1.bam	Pf3D7_01_v3	530913 530923 531103	1
	# c1.bam Pf3D7_01_v3 530913 530923 531103 Hapotype:	 G T A	5
c1.bam	Pf3D7_01_v3	530913 530923 531142	1
	# c1.bam Pf3D7_01_v3 530913 530923 531142 Hapotype:	 G T G	8
c1.bam	Pf3D7_01_v3	530913 530923 531145	1
	# c1.bam Pf3D7_01_v3 530913 530923 531145 Hapotype:	 G T C	8
c1.bam	Pf3D7_01_v3	530913 530923 531155	1
	# c1.bam Pf3D7_01_v3 530913 530923 531155 Hapotype:	 G T C	8
c1.bam	Pf3D7_01_v3	530913 530923 531166	1
	# c1.bam Pf3D7_01_v3 530913 530923 531166 Hapotype:	 G T G	5
c1.bam	Pf3D7_01_v3	530913 530928 531103	1
	# c1.bam Pf3D7_01_v3 530913 530928 531103 Hapotype:	 G A A	3
c1.bam	Pf3D7_01_v3	530913 530928 531142	1
	# c1.bam Pf3D7_01_v3 530913 530928 531142 Hapotype:	 G A G	6
c1.bam	Pf3D7_01_v3	530913 530928 531145	1
	# c1.bam Pf3D7_01_v3 530913 530928 531145 Hapotype:	 G A C	6
c1.bam	Pf3D7_01_v3	530913 530928 531155	1
	# c1.bam Pf3D7_01_v3 530913 530928 531155 Hapotype:	 G A C	6
c1.bam	Pf3D7_01_v3	530913 530928 531166	1
	# c1.bam Pf3D7_01_v3 530913 530928 531166 Hapotype:	 G A G	5
c1.bam	Pf3D7_01_v3	530913 531094 531142	1
	# c1.bam Pf3D7_01_v3 530913 531094 531142 Hapotype:	 G T G	4
c1.bam	Pf3D7_01_v3	530913 531094 531145	1
	# c1.bam Pf3D7_01_v3 530913 531094 531145 Hapotype:	 G T C	4
c1.bam	Pf3D7_01_v3	530913 531094 531155	1
	# c1.bam Pf3D7_01_v3 530913 531094 531155 Hapotype:	 G T C	4
c1.bam	Pf3D7_01_v3	530913 531103 531142	1
	# c1.bam Pf3D7_01_v3 530913 531103 531142 Hapotype:	 G A G	6
c1.bam	Pf3D7_01_v3	530913 531103 531145	1
	# c1.bam Pf3D7_01_v3 530913 531103 531145 Hapotype:	 G A C	6
c1.bam	Pf3D7_01_v3	530913 531103 531155	1
	# c1.bam Pf3D7_01_v3 530913 531103 531155 Hapotype:	 G A C	6
c1.bam	Pf3D7_01_v3	530913 531103 531166	1
	# c1.bam Pf3D7_01_v3 530913 531103 531166 Hapotype:	 G A G	2
c1.bam	Pf3D7_01_v3	530913 531142 531155	1
	# c1.bam Pf3D7_01_v3 530913 531142 531155 Hapotype:	 G G C	12
c1.bam	Pf3D7_01_v3	530913 531142 531166	1
	# c1.bam Pf3D7_01_v3 530913 531142 531166 Hapotype:	 G G G	8
c1.bam	Pf3D7_01_v3	530913 531145 531155	1
	# c1.bam Pf3D7_01_v3 530913 531145 531155 Hapotype:	 G C C	12
c1.bam	Pf3D7_01_v3	530913 531145 531166	1
	# c1.bam Pf3D7_01_v3 530913 531145 531166 Hapotype:	 G C G	8
c1.bam	Pf3D7_01_v3	530913 531155 531166	1
	# c1.bam Pf3D7_01_v3 530913 531155 531166 Hapotype:	 G C G	8
c1.bam	Pf3D7_01_v3	530920 531094 531142	1
	# c1.bam Pf3D7_01_v3 530920 531094 531142 Hapotype:	 G T G	3
c1.bam	Pf3D7_01_v3	530920 531094 531145	1
	# c1.bam Pf3D7_01_v3 530920 531094 531145 Hapotype:	 G T C	3
c1.bam	Pf3D7_01_v3	530920 531094 531155	1
	# c1.bam Pf3D7_01_v3 530920 531094 531155 Hapotype:	 G T C	3
c1.bam	Pf3D7_01_v3	530920 531103 531142	1
	# c1.bam Pf3D7_01_v3 530920 531103 531142 Hapotype:	 G A G	5
c1.bam	Pf3D7_01_v3	530920 531103 531145	1
	# c1.bam Pf3D7_01_v3 530920 531103 531145 Hapotype:	 G A C	5
c1.bam	Pf3D7_01_v3	530920 531103 531155	1
	# c1.bam Pf3D7_01_v3 530920 531103 531155 Hapotype:	 G A C	5
c1.bam	Pf3D7_01_v3	530920 531103 531166	1
	# c1.bam Pf3D7_01_v3 530920 531103 531166 Hapotype:	 G A G	2
c1.bam	Pf3D7_01_v3	530920 531142 531155	1
	# c1.bam Pf3D7_01_v3 530920 531142 531155 Hapotype:	 G G C	8
c1.bam	Pf3D7_01_v3	530920 531142 531166	1
	# c1.bam Pf3D7_01_v3 530920 531142 531166 Hapotype:	 G G G	5
c1.bam	Pf3D7_01_v3	530920 531145 531155	1
	# c1.bam Pf3D7_01_v3 530920 531145 531155 Hapotype:	 G C C	8
c1.bam	Pf3D7_01_v3	530920 531145 531166	1
	# c1.bam Pf3D7_01_v3 530920 531145 531166 Hapotype:	 G C G	5
c1.bam	Pf3D7_01_v3	530920 531155 531166	1
	# c1.bam Pf3D7_01_v3 530920 531155 531166 Hapotype:	 G C G	5
c1.bam	Pf3D7_01_v3	530923 531094 531142	1
	# c1.bam Pf3D7_01_v3 530923 531094 531142 Hapotype:	 T T G	3
c1.bam	Pf3D7_01_v3	530923 531094 531145	1
	# c1.bam Pf3D7_01_v3 530923 531094 531145 Hapotype:	 T T C	3
c1.bam	Pf3D7_01_v3	530923 531094 531155	1
	# c1.bam Pf3D7_01_v3 530923 531094 531155 Hapotype:	 T T C	3
c1.bam	Pf3D7_01_v3	530923 531103 531142	1
	# c1.bam Pf3D7_01_v3 530923 531103 531142 Hapotype:	 T A G	5
c1.bam	Pf3D7_01_v3	530923 531103 531145	1
	# c1.bam Pf3D7_01_v3 530923 531103 531145 Hapotype:	 T A C	5
c1.bam	Pf3D7_01_v3	530923 531103 531155	1
	# c1.bam Pf3D7_01_v3 530923 531103 531155 Hapotype:	 T A C	5
c1.bam	Pf3D7_01_v3	530923 531103 531166	1
	# c1.bam Pf3D7_01_v3 530923 531103 531166 Hapotype:	 T A G	2
c1.bam	Pf3D7_01_v3	530923 531142 531155	1
	# c1.bam Pf3D7_01_v3 530923 531142 531155 Hapotype:	 T G C	8
c1.bam	Pf3D7_01_v3	530923 531142 531166	1
	# c1.bam Pf3D7_01_v3 530923 531142 531166 Hapotype:	 T G G	5
c1.bam	Pf3D7_01_v3	530923 531145 531155	1
	# c1.bam Pf3D7_01_v3 530923 531145 531155 Hapotype:	 T C C	8
c1.bam	Pf3D7_01_v3	530923 531145 531166	1
	# c1.bam Pf3D7_01_v3 530923 531145 531166 Hapotype:	 T C G	5
c1.bam	Pf3D7_01_v3	530923 531155 531166	1
	# c1.bam Pf3D7_01_v3 530923 531155 531166 Hapotype:	 T C G	5
c1.bam	Pf3D7_01_v3	530928 531103 531142	1
	# c1.bam Pf3D7_01_v3 530928 531103 531142 Hapotype:	 A A G	3
c1.bam	Pf3D7_01_v3	530928 531103 531145	1
	# c1.bam Pf3D7_01_v3 530928 531103 531145 Hapotype:	 A A C	3
c1.bam	Pf3D7_01_v3	530928 531103 531155	1
	# c1.bam Pf3D7_01_v3 530928 531103 531155 Hapotype:	 A A C	3
c1.bam	Pf3D7_01_v3	530928 531103 531166	1
	# c1.bam Pf3D7_01_v3 530928 531103 531166 Hapotype:	 A A G	2
c1.bam	Pf3D7_01_v3	530928 531142 531155	1
	# c1.bam Pf3D7_01_v3 530928 531142 531155 Hapotype:	 A G C	6
c1.bam	Pf3D7_01_v3	530928 531142 531166	1
	# c1.bam Pf3D7_01_v3 530928 531142 531166 Hapotype:	 A G G	5
c1.bam	Pf3D7_01_v3	530928 531145 531155	1
	# c1.bam Pf3D7_01_v3 530928 531145 531155 Hapotype:	 A C C	6
c1.bam	Pf3D7_01_v3	530928 531145 531166	1
	# c1.bam Pf3D7_01_v3 530928 531145 531166 Hapotype:	 A C G	5
c1.bam	Pf3D7_01_v3	530928 531155 531166	1
	# c1.bam Pf3D7_01_v3 530928 531155 531166 Hapotype:	 A C G	5
c1.bam	Pf3D7_01_v3	531094 531142 531357	1
	# c1.bam Pf3D7_01_v3 531094 531142 531357 Hapotype:	 T G T	3
c1.bam	Pf3D7_01_v3	531094 531142 531360	1
	# c1.bam Pf3D7_01_v3 531094 531142 531360 Hapotype:	 T G C	3
c1.bam	Pf3D7_01_v3	531094 531142 531370	1
	# c1.bam Pf3D7_01_v3 531094 531142 531370 Hapotype:	 T G G	3
c1.bam	Pf3D7_01_v3	531094 531142 531416	1
	# c1.bam Pf3D7_01_v3 531094 531142 531416 Hapotype:	 T G A	3
c1.bam	Pf3D7_01_v3	531094 531142 531418	1
	# c1.bam Pf3D7_01_v3 531094 531142 531418 Hapotype:	 T G T	3
c1.bam	Pf3D7_01_v3	531094 531145 531357	1
	# c1.bam Pf3D7_01_v3 531094 531145 531357 Hapotype:	 T C T	3
c1.bam	Pf3D7_01_v3	531094 531145 531360	1
	# c1.bam Pf3D7_01_v3 531094 531145 531360 Hapotype:	 T C C	3
c1.bam	Pf3D7_01_v3	531094 531145 531370	1
	# c1.bam Pf3D7_01_v3 531094 531145 531370 Hapotype:	 T C G	3
c1.bam	Pf3D7_01_v3	531094 531145 531416	1
	# c1.bam Pf3D7_01_v3 531094 531145 531416 Hapotype:	 T C A	3
c1.bam	Pf3D7_01_v3	531094 531145 531418	1
	# c1.bam Pf3D7_01_v3 531094 531145 531418 Hapotype:	 T C T	3
c1.bam	Pf3D7_01_v3	531094 531155 531357	1
	# c1.bam Pf3D7_01_v3 531094 531155 531357 Hapotype:	 T C T	3
c1.bam	Pf3D7_01_v3	531094 531155 531360	1
	# c1.bam Pf3D7_01_v3 531094 531155 531360 Hapotype:	 T C C	3
c1.bam	Pf3D7_01_v3	531094 531155 531370	1
	# c1.bam Pf3D7_01_v3 531094 531155 531370 Hapotype:	 T C G	3
c1.bam	Pf3D7_01_v3	531094 531155 531416	1
	# c1.bam Pf3D7_01_v3 531094 531155 531416 Hapotype:	 T C A	3
c1.bam	Pf3D7_01_v3	531094 531155 531418	1
	# c1.bam Pf3D7_01_v3 531094 531155 531418 Hapotype:	 T C T	3
c1.bam	Pf3D7_01_v3	531094 531357 531370	1
	# c1.bam Pf3D7_01_v3 531094 531357 531370 Hapotype:	 T T G	3
c1.bam	Pf3D7_01_v3	531094 531357 531416	1
	# c1.bam Pf3D7_01_v3 531094 531357 531416 Hapotype:	 T T A	3
c1.bam	Pf3D7_01_v3	531094 531357 531418	1
	# c1.bam Pf3D7_01_v3 531094 531357 531418 Hapotype:	 T T T	3
c1.bam	Pf3D7_01_v3	531094 531360 531370	1
	# c1.bam Pf3D7_01_v3 531094 531360 531370 Hapotype:	 T C G	3
c1.bam	Pf3D7_01_v3	531094 531360 531416	1
	# c1.bam Pf3D7_01_v3 531094 531360 531416 Hapotype:	 T C A	3
c1.bam	Pf3D7_01_v3	531094 531360 531418	1
	# c1.bam Pf3D7_01_v3 531094 531360 531418 Hapotype:	 T C T	3
c1.bam	Pf3D7_01_v3	531094 531370 531416	1
	# c1.bam Pf3D7_01_v3 531094 531370 531416 Hapotype:	 T G A	3
c1.bam	Pf3D7_01_v3	531094 531370 531418	1
	# c1.bam Pf3D7_01_v3 531094 531370 531418 Hapotype:	 T G T	3
c1.bam	Pf3D7_01_v3	531103 531142 531357	1
	# c1.bam Pf3D7_01_v3 531103 531142 531357 Hapotype:	 A G T	3
c1.bam	Pf3D7_01_v3	531103 531142 531360	1
	# c1.bam Pf3D7_01_v3 531103 531142 531360 Hapotype:	 A G C	3
c1.bam	Pf3D7_01_v3	531103 531142 531370	1
	# c1.bam Pf3D7_01_v3 531103 531142 531370 Hapotype:	 A G G	3
c1.bam	Pf3D7_01_v3	531103 531142 531416	1
	# c1.bam Pf3D7_01_v3 531103 531142 531416 Hapotype:	 A G A	7
c1.bam	Pf3D7_01_v3	531103 531142 531418	1
	# c1.bam Pf3D7_01_v3 531103 531142 531418 Hapotype:	 A G T	7
c1.bam	Pf3D7_01_v3	531103 531142 531433	1
	# c1.bam Pf3D7_01_v3 531103 531142 531433 Hapotype:	 A G T	5
c1.bam	Pf3D7_01_v3	531103 531145 531357	1
	# c1.bam Pf3D7_01_v3 531103 531145 531357 Hapotype:	 A C T	3
c1.bam	Pf3D7_01_v3	531103 531145 531360	1
	# c1.bam Pf3D7_01_v3 531103 531145 531360 Hapotype:	 A C C	3
c1.bam	Pf3D7_01_v3	531103 531145 531370	1
	# c1.bam Pf3D7_01_v3 531103 531145 531370 Hapotype:	 A C G	3
c1.bam	Pf3D7_01_v3	531103 531145 531416	1
	# c1.bam Pf3D7_01_v3 531103 531145 531416 Hapotype:	 A C A	7
c1.bam	Pf3D7_01_v3	531103 531145 531418	1
	# c1.bam Pf3D7_01_v3 531103 531145 531418 Hapotype:	 A C T	7
c1.bam	Pf3D7_01_v3	531103 531145 531433	1
	# c1.bam Pf3D7_01_v3 531103 531145 531433 Hapotype:	 A C T	5
c1.bam	Pf3D7_01_v3	531103 531155 531357	1
	# c1.bam Pf3D7_01_v3 531103 531155 531357 Hapotype:	 A C T	3
c1.bam	Pf3D7_01_v3	531103 531155 531360	1
	# c1.bam Pf3D7_01_v3 531103 531155 531360 Hapotype:	 A C C	3
c1.bam	Pf3D7_01_v3	531103 531155 531370	1
	# c1.bam Pf3D7_01_v3 531103 531155 531370 Hapotype:	 A C G	3
c1.bam	Pf3D7_01_v3	531103 531155 531416	1
	# c1.bam Pf3D7_01_v3 531103 531155 531416 Hapotype:	 A C A	7
c1.bam	Pf3D7_01_v3	531103 531155 531418	1
	# c1.bam Pf3D7_01_v3 531103 531155 531418 Hapotype:	 A C T	7
c1.bam	Pf3D7_01_v3	531103 531155 531433	1
	# c1.bam Pf3D7_01_v3 531103 531155 531433 Hapotype:	 A C T	5
c1.bam	Pf3D7_01_v3	531103 531166 531416	1
	# c1.bam Pf3D7_01_v3 531103 531166 531416 Hapotype:	 A G A	4
c1.bam	Pf3D7_01_v3	531103 531166 531418	1
	# c1.bam Pf3D7_01_v3 531103 531166 531418 Hapotype:	 A G T	4
c1.bam	Pf3D7_01_v3	531103 531166 531433	1
	# c1.bam Pf3D7_01_v3 531103 531166 531433 Hapotype:	 A G T	5
c1.bam	Pf3D7_01_v3	531103 531357 531370	1
	# c1.bam Pf3D7_01_v3 531103 531357 531370 Hapotype:	 A T G	3
c1.bam	Pf3D7_01_v3	531103 531357 531416	1
	# c1.bam Pf3D7_01_v3 531103 531357 531416 Hapotype:	 A T A	3
c1.bam	Pf3D7_01_v3	531103 531357 531418	1
	# c1.bam Pf3D7_01_v3 531103 531357 531418 Hapotype:	 A T T	3
c1.bam	Pf3D7_01_v3	531103 531360 531370	1
	# c1.bam Pf3D7_01_v3 531103 531360 531370 Hapotype:	 A C G	3
c1.bam	Pf3D7_01_v3	531103 531360 531416	1
	# c1.bam Pf3D7_01_v3 531103 531360 531416 Hapotype:	 A C A	3
c1.bam	Pf3D7_01_v3	531103 531360 531418	1
	# c1.bam Pf3D7_01_v3 531103 531360 531418 Hapotype:	 A C T	3
c1.bam	Pf3D7_01_v3	531103 531370 531416	1
	# c1.bam Pf3D7_01_v3 531103 531370 531416 Hapotype:	 A G A	3
c1.bam	Pf3D7_01_v3	531103 531370 531418	1
	# c1.bam Pf3D7_01_v3 531103 531370 531418 Hapotype:	 A G T	3
c1.bam	Pf3D7_01_v3	531103 531416 531433	1
	# c1.bam Pf3D7_01_v3 531103 531416 531433 Hapotype:	 A A T	4
c1.bam	Pf3D7_01_v3	531103 531418 531433	1
	# c1.bam Pf3D7_01_v3 531103 531418 531433 Hapotype:	 A T T	4
c1.bam	Pf3D7_01_v3	531142 531155 531357	1
	# c1.bam Pf3D7_01_v3 531142 531155 531357 Hapotype:	 G C T	5
c1.bam	Pf3D7_01_v3	531142 531155 531360	1
	# c1.bam Pf3D7_01_v3 531142 531155 531360 Hapotype:	 G C C	5
c1.bam	Pf3D7_01_v3	531142 531155 531370	1
	# c1.bam Pf3D7_01_v3 531142 531155 531370 Hapotype:	 G C G	5
c1.bam	Pf3D7_01_v3	531142 531155 531416	1
	# c1.bam Pf3D7_01_v3 531142 531155 531416 Hapotype:	 G C A	11
c1.bam	Pf3D7_01_v3	531142 531155 531418	1
	# c1.bam Pf3D7_01_v3 531142 531155 531418 Hapotype:	 G C T	11
c1.bam	Pf3D7_01_v3	531142 531155 531433	1
	# c1.bam Pf3D7_01_v3 531142 531155 531433 Hapotype:	 G C T	7
c1.bam	Pf3D7_01_v3	531142 531166 531357	1
	# c1.bam Pf3D7_01_v3 531142 531166 531357 Hapotype:	 G G T	2
c1.bam	Pf3D7_01_v3	531142 531166 531360	1
	# c1.bam Pf3D7_01_v3 531142 531166 531360 Hapotype:	 G G C	2
c1.bam	Pf3D7_01_v3	531142 531166 531370	1
	# c1.bam Pf3D7_01_v3 531142 531166 531370 Hapotype:	 G G G	2
c1.bam	Pf3D7_01_v3	531142 531166 531416	1
	# c1.bam Pf3D7_01_v3 531142 531166 531416 Hapotype:	 G G A	8
c1.bam	Pf3D7_01_v3	531142 531166 531418	1
	# c1.bam Pf3D7_01_v3 531142 531166 531418 Hapotype:	 G G T	8
c1.bam	Pf3D7_01_v3	531142 531166 531433	1
	# c1.bam Pf3D7_01_v3 531142 531166 531433 Hapotype:	 G G T	7
c1.bam	Pf3D7_01_v3	531142 531357 531370	1
	# c1.bam Pf3D7_01_v3 531142 531357 531370 Hapotype:	 G T G	5
c1.bam	Pf3D7_01_v3	531142 531357 531416	1
	# c1.bam Pf3D7_01_v3 531142 531357 531416 Hapotype:	 G T A	5
c1.bam	Pf3D7_01_v3	531142 531357 531418	1
	# c1.bam Pf3D7_01_v3 531142 531357 531418 Hapotype:	 G T T	5
c1.bam	Pf3D7_01_v3	531142 531360 531370	1
	# c1.bam Pf3D7_01_v3 531142 531360 531370 Hapotype:	 G C G	5
c1.bam	Pf3D7_01_v3	531142 531360 531416	1
	# c1.bam Pf3D7_01_v3 531142 531360 531416 Hapotype:	 G C A	5
c1.bam	Pf3D7_01_v3	531142 531360 531418	1
	# c1.bam Pf3D7_01_v3 531142 531360 531418 Hapotype:	 G C T	5
c1.bam	Pf3D7_01_v3	531142 531370 531416	1
	# c1.bam Pf3D7_01_v3 531142 531370 531416 Hapotype:	 G G A	5
c1.bam	Pf3D7_01_v3	531142 531370 531418	1
	# c1.bam Pf3D7_01_v3 531142 531370 531418 Hapotype:	 G G T	5
c1.bam	Pf3D7_01_v3	531142 531416 531433	1
	# c1.bam Pf3D7_01_v3 531142 531416 531433 Hapotype:	 G A T	6
c1.bam	Pf3D7_01_v3	531142 531418 531433	1
	# c1.bam Pf3D7_01_v3 531142 531418 531433 Hapotype:	 G T T	6
c1.bam	Pf3D7_01_v3	531145 531155 531357	1
	# c1.bam Pf3D7_01_v3 531145 531155 531357 Hapotype:	 C C T	5
c1.bam	Pf3D7_01_v3	531145 531155 531360	1
	# c1.bam Pf3D7_01_v3 531145 531155 531360 Hapotype:	 C C C	5
c1.bam	Pf3D7_01_v3	531145 531155 531370	1
	# c1.bam Pf3D7_01_v3 531145 531155 531370 Hapotype:	 C C G	5
c1.bam	Pf3D7_01_v3	531145 531155 531416	1
	# c1.bam Pf3D7_01_v3 531145 531155 531416 Hapotype:	 C C A	11
c1.bam	Pf3D7_01_v3	531145 531155 531418	1
	# c1.bam Pf3D7_01_v3 531145 531155 531418 Hapotype:	 C C T	11
c1.bam	Pf3D7_01_v3	531145 531155 531433	1
	# c1.bam Pf3D7_01_v3 531145 531155 531433 Hapotype:	 C C T	7
c1.bam	Pf3D7_01_v3	531145 531166 531357	1
	# c1.bam Pf3D7_01_v3 531145 531166 531357 Hapotype:	 C G T	2
c1.bam	Pf3D7_01_v3	531145 531166 531360	1
	# c1.bam Pf3D7_01_v3 531145 531166 531360 Hapotype:	 C G C	2
c1.bam	Pf3D7_01_v3	531145 531166 531370	1
	# c1.bam Pf3D7_01_v3 531145 531166 531370 Hapotype:	 C G G	2
c1.bam	Pf3D7_01_v3	531145 531166 531416	1
	# c1.bam Pf3D7_01_v3 531145 531166 531416 Hapotype:	 C G A	8
c1.bam	Pf3D7_01_v3	531145 531166 531418	1
	# c1.bam Pf3D7_01_v3 531145 531166 531418 Hapotype:	 C G T	8
c1.bam	Pf3D7_01_v3	531145 531166 531433	1
	# c1.bam Pf3D7_01_v3 531145 531166 531433 Hapotype:	 C G T	7
c1.bam	Pf3D7_01_v3	531145 531357 531370	1
	# c1.bam Pf3D7_01_v3 531145 531357 531370 Hapotype:	 C T G	5
c1.bam	Pf3D7_01_v3	531145 531357 531416	1
	# c1.bam Pf3D7_01_v3 531145 531357 531416 Hapotype:	 C T A	5
c1.bam	Pf3D7_01_v3	531145 531357 531418	1
	# c1.bam Pf3D7_01_v3 531145 531357 531418 Hapotype:	 C T T	5
c1.bam	Pf3D7_01_v3	531145 531360 531370	1
	# c1.bam Pf3D7_01_v3 531145 531360 531370 Hapotype:	 C C G	5
c1.bam	Pf3D7_01_v3	531145 531360 531416	1
	# c1.bam Pf3D7_01_v3 531145 531360 531416 Hapotype:	 C C A	5
c1.bam	Pf3D7_01_v3	531145 531360 531418	1
	# c1.bam Pf3D7_01_v3 531145 531360 531418 Hapotype:	 C C T	5
c1.bam	Pf3D7_01_v3	531145 531370 531416	1
	# c1.bam Pf3D7_01_v3 531145 531370 531416 Hapotype:	 C G A	5
c1.bam	Pf3D7_01_v3	531145 531370 531418	1
	# c1.bam Pf3D7_01_v3 531145 531370 531418 Hapotype:	 C G T	5
c1.bam	Pf3D7_01_v3	531145 531416 531433	1
	# c1.bam Pf3D7_01_v3 531145 531416 531433 Hapotype:	 C A T	6
c1.bam	Pf3D7_01_v3	531145 531418 531433	1
	# c1.bam Pf3D7_01_v3 531145 531418 531433 Hapotype:	 C T T	6
c1.bam	Pf3D7_01_v3	531155 531166 531357	1
	# c1.bam Pf3D7_01_v3 531155 531166 531357 Hapotype:	 C G T	2
c1.bam	Pf3D7_01_v3	531155 531166 531360	1
	# c1.bam Pf3D7_01_v3 531155 531166 531360 Hapotype:	 C G C	2
c1.bam	Pf3D7_01_v3	531155 531166 531370	1
	# c1.bam Pf3D7_01_v3 531155 531166 531370 Hapotype:	 C G G	2
c1.bam	Pf3D7_01_v3	531155 531166 531416	1
	# c1.bam Pf3D7_01_v3 531155 531166 531416 Hapotype:	 C G A	8
c1.bam	Pf3D7_01_v3	531155 531166 531418	1
	# c1.bam Pf3D7_01_v3 531155 531166 531418 Hapotype:	 C G T	8
c1.bam	Pf3D7_01_v3	531155 531166 531433	1
	# c1.bam Pf3D7_01_v3 531155 531166 531433 Hapotype:	 C G T	7
c1.bam	Pf3D7_01_v3	531155 531357 531370	1
	# c1.bam Pf3D7_01_v3 531155 531357 531370 Hapotype:	 C T G	5
c1.bam	Pf3D7_01_v3	531155 531357 531416	1
	# c1.bam Pf3D7_01_v3 531155 531357 531416 Hapotype:	 C T A	5
c1.bam	Pf3D7_01_v3	531155 531357 531418	1
	# c1.bam Pf3D7_01_v3 531155 531357 531418 Hapotype:	 C T T	5
c1.bam	Pf3D7_01_v3	531155 531360 531370	1
	# c1.bam Pf3D7_01_v3 531155 531360 531370 Hapotype:	 C C G	5
c1.bam	Pf3D7_01_v3	531155 531360 531416	1
	# c1.bam Pf3D7_01_v3 531155 531360 531416 Hapotype:	 C C A	5
c1.bam	Pf3D7_01_v3	531155 531360 531418	1
	# c1.bam Pf3D7_01_v3 531155 531360 531418 Hapotype:	 C C T	5
c1.bam	Pf3D7_01_v3	531155 531370 531416	1
	# c1.bam Pf3D7_01_v3 531155 531370 531416 Hapotype:	 C G A	5
c1.bam	Pf3D7_01_v3	531155 531370 531418	1
	# c1.bam Pf3D7_01_v3 531155 531370 531418 Hapotype:	 C G T	5
c1.bam	Pf3D7_01_v3	531155 531416 531433	1
	# c1.bam Pf3D7_01_v3 531155 531416 531433 Hapotype:	 C A T	6
c1.bam	Pf3D7_01_v3	531155 531418 531433	1
	# c1.bam Pf3D7_01_v3 531155 531418 531433 Hapotype:	 C T T	6
c1.bam	Pf3D7_01_v3	531166 531357 531370	1
	# c1.bam Pf3D7_01_v3 531166 531357 531370 Hapotype:	 G T G	2
c1.bam	Pf3D7_01_v3	531166 531357 531416	1
	# c1.bam Pf3D7_01_v3 531166 531357 531416 Hapotype:	 G T A	2
c1.bam	Pf3D7_01_v3	531166 531357 531418	1
	# c1.bam Pf3D7_01_v3 531166 531357 531418 Hapotype:	 G T T	2
c1.bam	Pf3D7_01_v3	531166 531360 531370	1
	# c1.bam Pf3D7_01_v3 531166 531360 531370 Hapotype:	 G C G	2
c1.bam	Pf3D7_01_v3	531166 531360 531416	1
	# c1.bam Pf3D7_01_v3 531166 531360 531416 Hapotype:	 G C A	2
c1.bam	Pf3D7_01_v3	531166 531360 531418	1
	# c1.bam Pf3D7_01_v3 531166 531360 531418 Hapotype:	 G C T	2
c1.bam	Pf3D7_01_v3	531166 531370 531416	1
	# c1.bam Pf3D7_01_v3 531166 531370 531416 Hapotype:	 G G A	2
c1.bam	Pf3D7_01_v3	531166 531370 531418	1
	# c1.bam Pf3D7_01_v3 531166 531370 531418 Hapotype:	 G G T	2
c1.bam	Pf3D7_01_v3	531166 531416 531433	1
	# c1.bam Pf3D7_01_v3 531166 531416 531433 Hapotype:	 G A T	6
c1.bam	Pf3D7_01_v3	531166 531418 531433	1
	# c1.bam Pf3D7_01_v3 531166 531418 531433 Hapotype:	 G T T	6
c1.bam	Pf3D7_01_v3	531735 531752 531892	1
	# c1.bam Pf3D7_01_v3 531735 531752 531892 Hapotype:	 A A T	3
c1.bam	Pf3D7_01_v3	531735 531752 531894	1
	# c1.bam Pf3D7_01_v3 531735 531752 531894 Hapotype:	 A A G	3
c1.bam	Pf3D7_01_v3	531735 531752 531963	1
	# c1.bam Pf3D7_01_v3 531735 531752 531963 Hapotype:	 A A A	26
c1.bam	Pf3D7_01_v3	531735 531752 532054	1
	# c1.bam Pf3D7_01_v3 531735 531752 532054 Hapotype:	 A A G	23
c1.bam	Pf3D7_01_v3	532054 532122 532365	1
	# c1.bam Pf3D7_01_v3 532054 532122 532365 Hapotype:	 G A C	5
c1.bam	Pf3D7_01_v3	532122 532365 532418	1
	# c1.bam Pf3D7_01_v3 532122 532365 532418 Hapotype:	 A C A	10
c1.bam	Pf3D7_01_v3	532209 532418 532432	1
	# c1.bam Pf3D7_01_v3 532209 532418 532432 Hapotype:	 G T C	14
c1.bam	Pf3D7_01_v3	532209 532418 532447	1
	# c1.bam Pf3D7_01_v3 532209 532418 532447 Hapotype:	 G T G	14
c1.bam	Pf3D7_01_v3	532209 532432 532447	1
	# c1.bam Pf3D7_01_v3 532209 532432 532447 Hapotype:	 G C G	28
c1.bam	Pf3D7_01_v3	532418 532432 532753	1
	# c1.bam Pf3D7_01_v3 532418 532432 532753 Hapotype:	 T C G	2
c1.bam	Pf3D7_01_v3	532418 532432 532759	1
	# c1.bam Pf3D7_01_v3 532418 532432 532759 Hapotype:	 T C A	2
c1.bam	Pf3D7_01_v3	532418 532432 532767	1
	# c1.bam Pf3D7_01_v3 532418 532432 532767 Hapotype:	 T C A	2
c1.bam	Pf3D7_01_v3	532418 532447 532753	1
	# c1.bam Pf3D7_01_v3 532418 532447 532753 Hapotype:	 T G G	2
c1.bam	Pf3D7_01_v3	532418 532447 532759	1
	# c1.bam Pf3D7_01_v3 532418 532447 532759 Hapotype:	 T G A	2
c1.bam	Pf3D7_01_v3	532418 532447 532767	1
	# c1.bam Pf3D7_01_v3 532418 532447 532767 Hapotype:	 T G A	2
c1.bam	Pf3D7_01_v3	532418 532753 532767	1
	# c1.bam Pf3D7_01_v3 532418 532753 532767 Hapotype:	 T G A	2
c1.bam	Pf3D7_01_v3	532432 532447 532753	1
	# c1.bam Pf3D7_01_v3 532432 532447 532753 Hapotype:	 C G G	10
c1.bam	Pf3D7_01_v3	532432 532447 532759	1
	# c1.bam Pf3D7_01_v3 532432 532447 532759 Hapotype:	 C G A	10
c1.bam	Pf3D7_01_v3	532432 532447 532767	1
	# c1.bam Pf3D7_01_v3 532432 532447 532767 Hapotype:	 C G A	10
c1.bam	Pf3D7_01_v3	532432 532753 532767	1
	# c1.bam Pf3D7_01_v3 532432 532753 532767 Hapotype:	 C G A	10
c1.bam	Pf3D7_01_v3	532447 532753 532767	1
	# c1.bam Pf3D7_01_v3 532447 532753 532767 Hapotype:	 G G A	18
c1.bam	Pf3D7_01_v3	532447 532753 532799	1
	# c1.bam Pf3D7_01_v3 532447 532753 532799 Hapotype:	 G G A	5
c1.bam	Pf3D7_01_v3	532447 532759 532799	1
	# c1.bam Pf3D7_01_v3 532447 532759 532799 Hapotype:	 G A A	5
c1.bam	Pf3D7_01_v3	532447 532767 532799	1
	# c1.bam Pf3D7_01_v3 532447 532767 532799 Hapotype:	 G A A	5
c1.bam	Pf3D7_01_v3	532753 532767 532892	1
	# c1.bam Pf3D7_01_v3 532753 532767 532892 Hapotype:	 G A A	6
c1.bam	Pf3D7_01_v3	532753 532767 532921	1
	# c1.bam Pf3D7_01_v3 532753 532767 532921 Hapotype:	 G A A	3
c1.bam	Pf3D7_01_v3	532753 532767 532995	1
	# c1.bam Pf3D7_01_v3 532753 532767 532995 Hapotype:	 G A A	23
c1.bam	Pf3D7_01_v3	532753 532767 533003	1
	# c1.bam Pf3D7_01_v3 532753 532767 533003 Hapotype:	 G A T	28
c1.bam	Pf3D7_01_v3	532753 532767 533044	1
	# c1.bam Pf3D7_01_v3 532753 532767 533044 Hapotype:	 G A G	46
c1.bam	Pf3D7_01_v3	532753 532799 532892	1
	# c1.bam Pf3D7_01_v3 532753 532799 532892 Hapotype:	 G A A	2
c1.bam	Pf3D7_01_v3	532753 532799 532921	1
	# c1.bam Pf3D7_01_v3 532753 532799 532921 Hapotype:	 G A A	2
c1.bam	Pf3D7_01_v3	532753 532799 532995	1
	# c1.bam Pf3D7_01_v3 532753 532799 532995 Hapotype:	 G A A	12
c1.bam	Pf3D7_01_v3	532753 532799 533003	1
	# c1.bam Pf3D7_01_v3 532753 532799 533003 Hapotype:	 G A T	14
c1.bam	Pf3D7_01_v3	532753 532799 533044	1
	# c1.bam Pf3D7_01_v3 532753 532799 533044 Hapotype:	 G A G	26
c1.bam	Pf3D7_01_v3	532753 532892 532921	1
	# c1.bam Pf3D7_01_v3 532753 532892 532921 Hapotype:	 G A A	3
c1.bam	Pf3D7_01_v3	532753 532995 533044	1
	# c1.bam Pf3D7_01_v3 532753 532995 533044 Hapotype:	 G A G	17
c1.bam	Pf3D7_01_v3	532753 533003 533044	1
	# c1.bam Pf3D7_01_v3 532753 533003 533044 Hapotype:	 G T G	22
c1.bam	Pf3D7_01_v3	532759 532799 532892	1
	# c1.bam Pf3D7_01_v3 532759 532799 532892 Hapotype:	 A A A	2
c1.bam	Pf3D7_01_v3	532759 532799 532921	1
	# c1.bam Pf3D7_01_v3 532759 532799 532921 Hapotype:	 A A A	2
c1.bam	Pf3D7_01_v3	532759 532799 532995	1
	# c1.bam Pf3D7_01_v3 532759 532799 532995 Hapotype:	 A A A	12
c1.bam	Pf3D7_01_v3	532759 532799 533003	1
	# c1.bam Pf3D7_01_v3 532759 532799 533003 Hapotype:	 A A T	14
c1.bam	Pf3D7_01_v3	532759 532799 533044	1
	# c1.bam Pf3D7_01_v3 532759 532799 533044 Hapotype:	 A A G	29
c1.bam	Pf3D7_01_v3	532759 532892 532921	1
	# c1.bam Pf3D7_01_v3 532759 532892 532921 Hapotype:	 A A A	3
c1.bam	Pf3D7_01_v3	532759 532995 533044	1
	# c1.bam Pf3D7_01_v3 532759 532995 533044 Hapotype:	 A A G	16
c1.bam	Pf3D7_01_v3	532759 533003 533044	1
	# c1.bam Pf3D7_01_v3 532759 533003 533044 Hapotype:	 A T G	21
c1.bam	Pf3D7_01_v3	532767 532799 532892	1
	# c1.bam Pf3D7_01_v3 532767 532799 532892 Hapotype:	 A A A	2
c1.bam	Pf3D7_01_v3	532767 532799 532921	1
	# c1.bam Pf3D7_01_v3 532767 532799 532921 Hapotype:	 A A A	2
c1.bam	Pf3D7_01_v3	532767 532799 532995	1
	# c1.bam Pf3D7_01_v3 532767 532799 532995 Hapotype:	 A A A	12
c1.bam	Pf3D7_01_v3	532767 532799 533003	1
	# c1.bam Pf3D7_01_v3 532767 532799 533003 Hapotype:	 A A T	14
c1.bam	Pf3D7_01_v3	532767 532799 533044	1
	# c1.bam Pf3D7_01_v3 532767 532799 533044 Hapotype:	 A A G	32
c1.bam	Pf3D7_01_v3	532767 532892 532921	1
	# c1.bam Pf3D7_01_v3 532767 532892 532921 Hapotype:	 A A A	3
c1.bam	Pf3D7_01_v3	532767 532995 533044	1
	# c1.bam Pf3D7_01_v3 532767 532995 533044 Hapotype:	 A A G	16
c1.bam	Pf3D7_01_v3	532767 533003 533044	1
	# c1.bam Pf3D7_01_v3 532767 533003 533044 Hapotype:	 A T G	21
c1.bam	Pf3D7_01_v3	532799 532892 532921	1
	# c1.bam Pf3D7_01_v3 532799 532892 532921 Hapotype:	 A A A	3
c1.bam	Pf3D7_01_v3	532799 532995 533044	1
	# c1.bam Pf3D7_01_v3 532799 532995 533044 Hapotype:	 A A G	8
c1.bam	Pf3D7_01_v3	532799 533003 533044	1
	# c1.bam Pf3D7_01_v3 532799 533003 533044 Hapotype:	 A T G	10
c1.bam	Pf3D7_01_v3	532892 532921 533044	1
	# c1.bam Pf3D7_01_v3 532892 532921 533044 Hapotype:	 A A G	6
c1.bam	Pf3D7_01_v3	532892 532921 533141	1
	# c1.bam Pf3D7_01_v3 532892 532921 533141 Hapotype:	 A A C	34
c1.bam	Pf3D7_01_v3	532892 532995 533044	1
	# c1.bam Pf3D7_01_v3 532892 532995 533044 Hapotype:	 A A G	2
c1.bam	Pf3D7_01_v3	532892 533003 533044	1
	# c1.bam Pf3D7_01_v3 532892 533003 533044 Hapotype:	 A T G	3
c1.bam	Pf3D7_01_v3	532921 533003 533044	1
	# c1.bam Pf3D7_01_v3 532921 533003 533044 Hapotype:	 A T G	2
c1.bam	Pf3D7_01_v3	532995 533044 533141	1
	# c1.bam Pf3D7_01_v3 532995 533044 533141 Hapotype:	 A G C	2
c1.bam	Pf3D7_01_v3	533003 533044 533141	1
	# c1.bam Pf3D7_01_v3 533003 533044 533141 Hapotype:	 T G C	5
c1.bam	Pf3D7_01_v3	533710 533735 533956	1
	# c1.bam Pf3D7_01_v3 533710 533735 533956 Hapotype:	 A A G	3
c1.bam	Pf3D7_01_v3	533710 534053 534077	1
	# c1.bam Pf3D7_01_v3 533710 534053 534077 Hapotype:	 A G T	11
c1.bam	Pf3D7_01_v3	533718 533735 533956	1
	# c1.bam Pf3D7_01_v3 533718 533735 533956 Hapotype:	 T A G	3
c1.bam	Pf3D7_01_v3	533718 534053 534077	1
	# c1.bam Pf3D7_01_v3 533718 534053 534077 Hapotype:	 T G T	4
c1.bam	Pf3D7_01_v3	533776 533794 533956	1
	# c1.bam Pf3D7_01_v3 533776 533794 533956 Hapotype:	 G G G	8
c1.bam	Pf3D7_01_v3	533776 533794 534053	2
	# c1.bam Pf3D7_01_v3 533776 533794 534053 Hapotype:	 A G G	5
	# c1.bam Pf3D7_01_v3 533776 533794 534053 Hapotype:	 A A G	6
c1.bam	Pf3D7_01_v3	533776 533794 534077	2
	# c1.bam Pf3D7_01_v3 533776 533794 534077 Hapotype:	 A G T	6
	# c1.bam Pf3D7_01_v3 533776 533794 534077 Hapotype:	 A A T	2
c1.bam	Pf3D7_01_v3	533776 533812 533956	1
	# c1.bam Pf3D7_01_v3 533776 533812 533956 Hapotype:	 G G G	8
c1.bam	Pf3D7_01_v3	533776 533812 534053	1
	# c1.bam Pf3D7_01_v3 533776 533812 534053 Hapotype:	 A A G	11
c1.bam	Pf3D7_01_v3	533776 533812 534077	1
	# c1.bam Pf3D7_01_v3 533776 533812 534077 Hapotype:	 A A T	8
c1.bam	Pf3D7_01_v3	533776 533816 534053	1
	# c1.bam Pf3D7_01_v3 533776 533816 534053 Hapotype:	 A A G	11
c1.bam	Pf3D7_01_v3	533776 533816 534077	1
	# c1.bam Pf3D7_01_v3 533776 533816 534077 Hapotype:	 A A T	8
c1.bam	Pf3D7_01_v3	533776 534053 534077	1
	# c1.bam Pf3D7_01_v3 533776 534053 534077 Hapotype:	 A G T	7
c1.bam	Pf3D7_01_v3	533794 533812 533956	1
	# c1.bam Pf3D7_01_v3 533794 533812 533956 Hapotype:	 G G G	8
c1.bam	Pf3D7_01_v3	533794 533812 534053	2
	# c1.bam Pf3D7_01_v3 533794 533812 534053 Hapotype:	 G A G	7
	# c1.bam Pf3D7_01_v3 533794 533812 534053 Hapotype:	 A A G	6
c1.bam	Pf3D7_01_v3	533794 533812 534077	2
	# c1.bam Pf3D7_01_v3 533794 533812 534077 Hapotype:	 G A T	8
	# c1.bam Pf3D7_01_v3 533794 533812 534077 Hapotype:	 A A T	2
c1.bam	Pf3D7_01_v3	533794 533816 534053	2
	# c1.bam Pf3D7_01_v3 533794 533816 534053 Hapotype:	 G A G	7
	# c1.bam Pf3D7_01_v3 533794 533816 534053 Hapotype:	 A A G	6
c1.bam	Pf3D7_01_v3	533794 533816 534077	2
	# c1.bam Pf3D7_01_v3 533794 533816 534077 Hapotype:	 G A T	8
	# c1.bam Pf3D7_01_v3 533794 533816 534077 Hapotype:	 A A T	2
c1.bam	Pf3D7_01_v3	533794 533856 534053	1
	# c1.bam Pf3D7_01_v3 533794 533856 534053 Hapotype:	 G T G	2
c1.bam	Pf3D7_01_v3	533794 533856 534077	1
	# c1.bam Pf3D7_01_v3 533794 533856 534077 Hapotype:	 G T T	2
c1.bam	Pf3D7_01_v3	533794 533859 534053	1
	# c1.bam Pf3D7_01_v3 533794 533859 534053 Hapotype:	 G T G	2
c1.bam	Pf3D7_01_v3	533794 533859 534077	1
	# c1.bam Pf3D7_01_v3 533794 533859 534077 Hapotype:	 G T T	2
c1.bam	Pf3D7_01_v3	533794 534053 534077	2
	# c1.bam Pf3D7_01_v3 533794 534053 534077 Hapotype:	 G G T	7
	# c1.bam Pf3D7_01_v3 533794 534053 534077 Hapotype:	 A G T	2
c1.bam	Pf3D7_01_v3	533812 533856 534053	1
	# c1.bam Pf3D7_01_v3 533812 533856 534053 Hapotype:	 A T G	13
c1.bam	Pf3D7_01_v3	533812 533856 534077	1
	# c1.bam Pf3D7_01_v3 533812 533856 534077 Hapotype:	 A T T	16
c1.bam	Pf3D7_01_v3	533812 533859 534053	1
	# c1.bam Pf3D7_01_v3 533812 533859 534053 Hapotype:	 A T G	13
c1.bam	Pf3D7_01_v3	533812 533859 534077	1
	# c1.bam Pf3D7_01_v3 533812 533859 534077 Hapotype:	 A T T	16
c1.bam	Pf3D7_01_v3	533812 534053 534077	1
	# c1.bam Pf3D7_01_v3 533812 534053 534077 Hapotype:	 A G T	18
c1.bam	Pf3D7_01_v3	533816 533856 534053	1
	# c1.bam Pf3D7_01_v3 533816 533856 534053 Hapotype:	 A T G	13
c1.bam	Pf3D7_01_v3	533816 533856 534077	1
	# c1.bam Pf3D7_01_v3 533816 533856 534077 Hapotype:	 A T T	16
c1.bam	Pf3D7_01_v3	533816 533859 534053	1
	# c1.bam Pf3D7_01_v3 533816 533859 534053 Hapotype:	 A T G	13
c1.bam	Pf3D7_01_v3	533816 533859 534077	1
	# c1.bam Pf3D7_01_v3 533816 533859 534077 Hapotype:	 A T T	16
c1.bam	Pf3D7_01_v3	533816 534053 534077	1
	# c1.bam Pf3D7_01_v3 533816 534053 534077 Hapotype:	 A G T	18
c1.bam	Pf3D7_01_v3	533856 534053 534077	1
	# c1.bam Pf3D7_01_v3 533856 534053 534077 Hapotype:	 T G T	13
c1.bam	Pf3D7_01_v3	533859 534053 534077	1
	# c1.bam Pf3D7_01_v3 533859 534053 534077 Hapotype:	 T G T	13
c1.bam	Pf3D7_01_v3	533956 534053 534077	1
	# c1.bam Pf3D7_01_v3 533956 534053 534077 Hapotype:	 G G T	2
c1.bam	Pf3D7_01_v3	534053 534077 534360	1
	# c1.bam Pf3D7_01_v3 534053 534077 534360 Hapotype:	 G T T	4
c1.bam	Pf3D7_01_v3	563735 563801 564033	1
	# c1.bam Pf3D7_01_v3 563735 563801 564033 Hapotype:	 C T C	4
c1.bam	Pf3D7_01_v3	578161 578176 578425	1
	# c1.bam Pf3D7_01_v3 578161 578176 578425 Hapotype:	 G A T	12
c1.bam	Pf3D7_01_v3	578161 578176 578452	1
	# c1.bam Pf3D7_01_v3 578161 578176 578452 Hapotype:	 G A A	19
c1.bam	Pf3D7_01_v3	578161 578176 578461	1
	# c1.bam Pf3D7_01_v3 578161 578176 578461 Hapotype:	 G A A	19
c1.bam	Pf3D7_01_v3	578161 578176 578476	1
	# c1.bam Pf3D7_01_v3 578161 578176 578476 Hapotype:	 G A T	20
c1.bam	Pf3D7_01_v3	578161 578176 578502	1
	# c1.bam Pf3D7_01_v3 578161 578176 578502 Hapotype:	 G A C	11
c1.bam	Pf3D7_01_v3	578161 578425 578452	1
	# c1.bam Pf3D7_01_v3 578161 578425 578452 Hapotype:	 G T A	9
c1.bam	Pf3D7_01_v3	578161 578425 578461	1
	# c1.bam Pf3D7_01_v3 578161 578425 578461 Hapotype:	 G T A	9
c1.bam	Pf3D7_01_v3	578161 578425 578476	1
	# c1.bam Pf3D7_01_v3 578161 578425 578476 Hapotype:	 G T T	9
c1.bam	Pf3D7_01_v3	578161 578452 578476	1
	# c1.bam Pf3D7_01_v3 578161 578452 578476 Hapotype:	 G A T	19
c1.bam	Pf3D7_01_v3	578161 578452 578502	1
	# c1.bam Pf3D7_01_v3 578161 578452 578502 Hapotype:	 G A C	10
c1.bam	Pf3D7_01_v3	578161 578461 578476	1
	# c1.bam Pf3D7_01_v3 578161 578461 578476 Hapotype:	 G A T	19
c1.bam	Pf3D7_01_v3	578161 578461 578502	1
	# c1.bam Pf3D7_01_v3 578161 578461 578502 Hapotype:	 G A C	10
c1.bam	Pf3D7_01_v3	578161 578476 578502	1
	# c1.bam Pf3D7_01_v3 578161 578476 578502 Hapotype:	 G T C	11
c1.bam	Pf3D7_01_v3	578176 578425 578452	1
	# c1.bam Pf3D7_01_v3 578176 578425 578452 Hapotype:	 A T A	16
c1.bam	Pf3D7_01_v3	578176 578425 578461	1
	# c1.bam Pf3D7_01_v3 578176 578425 578461 Hapotype:	 A T A	16
c1.bam	Pf3D7_01_v3	578176 578425 578476	1
	# c1.bam Pf3D7_01_v3 578176 578425 578476 Hapotype:	 A T T	16
c1.bam	Pf3D7_01_v3	578176 578452 578476	1
	# c1.bam Pf3D7_01_v3 578176 578452 578476 Hapotype:	 A A T	26
c1.bam	Pf3D7_01_v3	578176 578452 578502	1
	# c1.bam Pf3D7_01_v3 578176 578452 578502 Hapotype:	 A A C	10
c1.bam	Pf3D7_01_v3	578176 578461 578476	1
	# c1.bam Pf3D7_01_v3 578176 578461 578476 Hapotype:	 A A T	26
c1.bam	Pf3D7_01_v3	578176 578461 578502	1
	# c1.bam Pf3D7_01_v3 578176 578461 578502 Hapotype:	 A A C	10
c1.bam	Pf3D7_01_v3	578176 578476 578502	1
	# c1.bam Pf3D7_01_v3 578176 578476 578502 Hapotype:	 A T C	11
c1.bam	Pf3D7_01_v3	578243 578425 578452	1
	# c1.bam Pf3D7_01_v3 578243 578425 578452 Hapotype:	 T T A	3
c1.bam	Pf3D7_01_v3	578243 578425 578461	1
	# c1.bam Pf3D7_01_v3 578243 578425 578461 Hapotype:	 T T A	3
c1.bam	Pf3D7_01_v3	578243 578452 578476	1
	# c1.bam Pf3D7_01_v3 578243 578452 578476 Hapotype:	 T A T	4
c1.bam	Pf3D7_01_v3	578243 578452 578502	1
	# c1.bam Pf3D7_01_v3 578243 578452 578502 Hapotype:	 T A C	3
c1.bam	Pf3D7_01_v3	578243 578461 578476	1
	# c1.bam Pf3D7_01_v3 578243 578461 578476 Hapotype:	 T A T	4
c1.bam	Pf3D7_01_v3	578243 578461 578502	1
	# c1.bam Pf3D7_01_v3 578243 578461 578502 Hapotype:	 T A C	3
c1.bam	Pf3D7_01_v3	578243 578476 578502	1
	# c1.bam Pf3D7_01_v3 578243 578476 578502 Hapotype:	 T T C	3
c1.bam	Pf3D7_01_v3	595125 595351 595417	1
	# c1.bam Pf3D7_01_v3 595125 595351 595417 Hapotype:	 G G T	3
c1.bam	Pf3D7_01_v3	595125 595417 595457	1
	# c1.bam Pf3D7_01_v3 595125 595417 595457 Hapotype:	 A C A	2
c1.bam	Pf3D7_01_v3	595125 595424 595457	1
	# c1.bam Pf3D7_01_v3 595125 595424 595457 Hapotype:	 A G A	2
c1.bam	Pf3D7_01_v3	595331 595347 595632	3
	# c1.bam Pf3D7_01_v3 595331 595347 595632 Hapotype:	 T T A	21
	# c1.bam Pf3D7_01_v3 595331 595347 595632 Hapotype:	 C T G	3
	# c1.bam Pf3D7_01_v3 595331 595347 595632 Hapotype:	 T C G	4
c1.bam	Pf3D7_01_v3	595331 595347 595643	3
	# c1.bam Pf3D7_01_v3 595331 595347 595643 Hapotype:	 T T G	21
	# c1.bam Pf3D7_01_v3 595331 595347 595643 Hapotype:	 C T A	3
	# c1.bam Pf3D7_01_v3 595331 595347 595643 Hapotype:	 T C G	4
c1.bam	Pf3D7_01_v3	595331 595351 595632	3
	# c1.bam Pf3D7_01_v3 595331 595351 595632 Hapotype:	 T A A	21
	# c1.bam Pf3D7_01_v3 595331 595351 595632 Hapotype:	 C A G	3
	# c1.bam Pf3D7_01_v3 595331 595351 595632 Hapotype:	 T G G	4
c1.bam	Pf3D7_01_v3	595331 595351 595643	3
	# c1.bam Pf3D7_01_v3 595331 595351 595643 Hapotype:	 T A G	21
	# c1.bam Pf3D7_01_v3 595331 595351 595643 Hapotype:	 C A A	3
	# c1.bam Pf3D7_01_v3 595331 595351 595643 Hapotype:	 T G G	4
c1.bam	Pf3D7_01_v3	595331 595632 595643	3
	# c1.bam Pf3D7_01_v3 595331 595632 595643 Hapotype:	 T A G	21
	# c1.bam Pf3D7_01_v3 595331 595632 595643 Hapotype:	 C G A	3
	# c1.bam Pf3D7_01_v3 595331 595632 595643 Hapotype:	 T G G	4
c1.bam	Pf3D7_01_v3	595347 595632 595643	3
	# c1.bam Pf3D7_01_v3 595347 595632 595643 Hapotype:	 T A G	21
	# c1.bam Pf3D7_01_v3 595347 595632 595643 Hapotype:	 C G G	10
	# c1.bam Pf3D7_01_v3 595347 595632 595643 Hapotype:	 T G A	5
c1.bam	Pf3D7_01_v3	595351 595632 595643	3
	# c1.bam Pf3D7_01_v3 595351 595632 595643 Hapotype:	 A A G	21
	# c1.bam Pf3D7_01_v3 595351 595632 595643 Hapotype:	 G G G	10
	# c1.bam Pf3D7_01_v3 595351 595632 595643 Hapotype:	 A G A	5
c1.bam	Pf3D7_01_v3	595417 595632 595643	2
	# c1.bam Pf3D7_01_v3 595417 595632 595643 Hapotype:	 T G G	3
	# c1.bam Pf3D7_01_v3 595417 595632 595643 Hapotype:	 C G A	5
c1.bam	Pf3D7_01_v3	595424 595632 595643	2
	# c1.bam Pf3D7_01_v3 595424 595632 595643 Hapotype:	 G G G	3
	# c1.bam Pf3D7_01_v3 595424 595632 595643 Hapotype:	 G G A	5
c1.bam	Pf3D7_01_v3	595565 595591 595818	1
	# c1.bam Pf3D7_01_v3 595565 595591 595818 Hapotype:	 A A A	4
c1.bam	Pf3D7_01_v3	595565 595591 595820	1
	# c1.bam Pf3D7_01_v3 595565 595591 595820 Hapotype:	 A A G	4
c1.bam	Pf3D7_01_v3	595565 595591 595824	1
	# c1.bam Pf3D7_01_v3 595565 595591 595824 Hapotype:	 A A A	4
c1.bam	Pf3D7_01_v3	595565 595591 595854	1
	# c1.bam Pf3D7_01_v3 595565 595591 595854 Hapotype:	 A A G	3
c1.bam	Pf3D7_01_v3	595565 595818 595854	1
	# c1.bam Pf3D7_01_v3 595565 595818 595854 Hapotype:	 A A G	3
c1.bam	Pf3D7_01_v3	595565 595820 595854	1
	# c1.bam Pf3D7_01_v3 595565 595820 595854 Hapotype:	 A G G	3
c1.bam	Pf3D7_01_v3	595565 595824 595854	1
	# c1.bam Pf3D7_01_v3 595565 595824 595854 Hapotype:	 A A G	3
c1.bam	Pf3D7_01_v3	595591 595632 595818	1
	# c1.bam Pf3D7_01_v3 595591 595632 595818 Hapotype:	 A G A	6
c1.bam	Pf3D7_01_v3	595591 595632 595820	1
	# c1.bam Pf3D7_01_v3 595591 595632 595820 Hapotype:	 A G G	6
c1.bam	Pf3D7_01_v3	595591 595632 595824	1
	# c1.bam Pf3D7_01_v3 595591 595632 595824 Hapotype:	 A G A	6
c1.bam	Pf3D7_01_v3	595591 595632 595854	1
	# c1.bam Pf3D7_01_v3 595591 595632 595854 Hapotype:	 A G G	4
c1.bam	Pf3D7_01_v3	595591 595643 595818	1
	# c1.bam Pf3D7_01_v3 595591 595643 595818 Hapotype:	 A A A	6
c1.bam	Pf3D7_01_v3	595591 595643 595820	1
	# c1.bam Pf3D7_01_v3 595591 595643 595820 Hapotype:	 A A G	6
c1.bam	Pf3D7_01_v3	595591 595643 595824	1
	# c1.bam Pf3D7_01_v3 595591 595643 595824 Hapotype:	 A A A	6
c1.bam	Pf3D7_01_v3	595591 595643 595854	1
	# c1.bam Pf3D7_01_v3 595591 595643 595854 Hapotype:	 A A G	4
c1.bam	Pf3D7_01_v3	595591 595818 595854	1
	# c1.bam Pf3D7_01_v3 595591 595818 595854 Hapotype:	 A A G	7
c1.bam	Pf3D7_01_v3	595591 595820 595854	1
	# c1.bam Pf3D7_01_v3 595591 595820 595854 Hapotype:	 A G G	7
c1.bam	Pf3D7_01_v3	595591 595824 595854	1
	# c1.bam Pf3D7_01_v3 595591 595824 595854 Hapotype:	 A A G	7
c1.bam	Pf3D7_01_v3	595632 595643 595818	1
	# c1.bam Pf3D7_01_v3 595632 595643 595818 Hapotype:	 G A A	6
c1.bam	Pf3D7_01_v3	595632 595643 595820	1
	# c1.bam Pf3D7_01_v3 595632 595643 595820 Hapotype:	 G A G	6
c1.bam	Pf3D7_01_v3	595632 595643 595824	1
	# c1.bam Pf3D7_01_v3 595632 595643 595824 Hapotype:	 G A A	6
c1.bam	Pf3D7_01_v3	595632 595643 595854	1
	# c1.bam Pf3D7_01_v3 595632 595643 595854 Hapotype:	 G A G	4
c1.bam	Pf3D7_01_v3	595632 595818 595854	1
	# c1.bam Pf3D7_01_v3 595632 595818 595854 Hapotype:	 G A G	4
c1.bam	Pf3D7_01_v3	595632 595820 595854	1
	# c1.bam Pf3D7_01_v3 595632 595820 595854 Hapotype:	 G G G	4
c1.bam	Pf3D7_01_v3	595632 595824 595854	1
	# c1.bam Pf3D7_01_v3 595632 595824 595854 Hapotype:	 G A G	4
c1.bam	Pf3D7_01_v3	595643 595818 595854	1
	# c1.bam Pf3D7_01_v3 595643 595818 595854 Hapotype:	 A A G	4
c1.bam	Pf3D7_01_v3	595643 595820 595854	1
	# c1.bam Pf3D7_01_v3 595643 595820 595854 Hapotype:	 A G G	4
c1.bam	Pf3D7_01_v3	595643 595824 595854	1
	# c1.bam Pf3D7_01_v3 595643 595824 595854 Hapotype:	 A A G	4
c1.bam	Pf3D7_01_v3	598733 598959 598985	1
	# c1.bam Pf3D7_01_v3 598733 598959 598985 Hapotype:	 A T C	5
c1.bam	Pf3D7_01_v3	598733 598959 598993	1
	# c1.bam Pf3D7_01_v3 598733 598959 598993 Hapotype:	 A T A	5
c1.bam	Pf3D7_01_v3	598733 598959 598997	1
	# c1.bam Pf3D7_01_v3 598733 598959 598997 Hapotype:	 A T T	4
c1.bam	Pf3D7_01_v3	598733 598964 598985	1
	# c1.bam Pf3D7_01_v3 598733 598964 598985 Hapotype:	 A A C	5
c1.bam	Pf3D7_01_v3	598733 598964 598993	1
	# c1.bam Pf3D7_01_v3 598733 598964 598993 Hapotype:	 A A A	5
c1.bam	Pf3D7_01_v3	598733 598964 598997	1
	# c1.bam Pf3D7_01_v3 598733 598964 598997 Hapotype:	 A A T	4
c1.bam	Pf3D7_01_v3	598733 598985 598997	1
	# c1.bam Pf3D7_01_v3 598733 598985 598997 Hapotype:	 A C T	4
c1.bam	Pf3D7_01_v3	604264 604520 604567	1
	# c1.bam Pf3D7_01_v3 604264 604520 604567 Hapotype:	 A A A	4
c1.bam	Pf3D7_01_v3	604264 604520 604568	1
	# c1.bam Pf3D7_01_v3 604264 604520 604568 Hapotype:	 A A A	3
c1.bam	Pf3D7_01_v3	605248 605268 605462	1
	# c1.bam Pf3D7_01_v3 605248 605268 605462 Hapotype:	 C T G	2
c1.bam	Pf3D7_01_v3	605248 605268 605475	1
	# c1.bam Pf3D7_01_v3 605248 605268 605475 Hapotype:	 C T A	7
c1.bam	Pf3D7_01_v3	605248 605268 605517	1
	# c1.bam Pf3D7_01_v3 605248 605268 605517 Hapotype:	 C T T	10
c1.bam	Pf3D7_01_v3	605248 605277 605462	1
	# c1.bam Pf3D7_01_v3 605248 605277 605462 Hapotype:	 C A G	2
c1.bam	Pf3D7_01_v3	605248 605277 605475	1
	# c1.bam Pf3D7_01_v3 605248 605277 605475 Hapotype:	 C A A	4
c1.bam	Pf3D7_01_v3	605248 605277 605517	1
	# c1.bam Pf3D7_01_v3 605248 605277 605517 Hapotype:	 C A T	7
c1.bam	Pf3D7_01_v3	605248 605286 605462	1
	# c1.bam Pf3D7_01_v3 605248 605286 605462 Hapotype:	 C A G	2
c1.bam	Pf3D7_01_v3	605248 605286 605475	1
	# c1.bam Pf3D7_01_v3 605248 605286 605475 Hapotype:	 C A A	2
c1.bam	Pf3D7_01_v3	605248 605286 605517	1
	# c1.bam Pf3D7_01_v3 605248 605286 605517 Hapotype:	 C A T	5
c1.bam	Pf3D7_01_v3	605248 605292 605517	1
	# c1.bam Pf3D7_01_v3 605248 605292 605517 Hapotype:	 C G T	3
c1.bam	Pf3D7_01_v3	605248 605462 605475	1
	# c1.bam Pf3D7_01_v3 605248 605462 605475 Hapotype:	 C G A	4
c1.bam	Pf3D7_01_v3	605248 605462 605517	1
	# c1.bam Pf3D7_01_v3 605248 605462 605517 Hapotype:	 C G T	4
c1.bam	Pf3D7_01_v3	605248 605475 605517	1
	# c1.bam Pf3D7_01_v3 605248 605475 605517 Hapotype:	 C A T	12
c1.bam	Pf3D7_01_v3	605268 605286 605462	1
	# c1.bam Pf3D7_01_v3 605268 605286 605462 Hapotype:	 T A G	2
c1.bam	Pf3D7_01_v3	605268 605286 605475	1
	# c1.bam Pf3D7_01_v3 605268 605286 605475 Hapotype:	 T A A	2
c1.bam	Pf3D7_01_v3	605268 605286 605517	1
	# c1.bam Pf3D7_01_v3 605268 605286 605517 Hapotype:	 T A T	7
c1.bam	Pf3D7_01_v3	605268 605292 605517	1
	# c1.bam Pf3D7_01_v3 605268 605292 605517 Hapotype:	 T G T	5
c1.bam	Pf3D7_01_v3	605268 605462 605475	1
	# c1.bam Pf3D7_01_v3 605268 605462 605475 Hapotype:	 T G A	2
c1.bam	Pf3D7_01_v3	605268 605462 605517	1
	# c1.bam Pf3D7_01_v3 605268 605462 605517 Hapotype:	 T G T	2
c1.bam	Pf3D7_01_v3	605268 605475 605517	1
	# c1.bam Pf3D7_01_v3 605268 605475 605517 Hapotype:	 T A T	7
c1.bam	Pf3D7_01_v3	605277 605292 605517	1
	# c1.bam Pf3D7_01_v3 605277 605292 605517 Hapotype:	 A G T	5
c1.bam	Pf3D7_01_v3	605277 605462 605475	1
	# c1.bam Pf3D7_01_v3 605277 605462 605475 Hapotype:	 A G A	2
c1.bam	Pf3D7_01_v3	605277 605462 605517	1
	# c1.bam Pf3D7_01_v3 605277 605462 605517 Hapotype:	 A G T	2
c1.bam	Pf3D7_01_v3	605277 605475 605517	1
	# c1.bam Pf3D7_01_v3 605277 605475 605517 Hapotype:	 A A T	4
c1.bam	Pf3D7_01_v3	605286 605462 605475	1
	# c1.bam Pf3D7_01_v3 605286 605462 605475 Hapotype:	 A G A	2
c1.bam	Pf3D7_01_v3	605286 605462 605517	1
	# c1.bam Pf3D7_01_v3 605286 605462 605517 Hapotype:	 A G T	2
c1.bam	Pf3D7_01_v3	605286 605475 605517	1
	# c1.bam Pf3D7_01_v3 605286 605475 605517 Hapotype:	 A A T	2
c1.bam	Pf3D7_01_v3	607352 607553 607572	1
	# c1.bam Pf3D7_01_v3 607352 607553 607572 Hapotype:	 T T C	3
c1.bam	Pf3D7_01_v3	607601 607792 607807	1
	# c1.bam Pf3D7_01_v3 607601 607792 607807 Hapotype:	 G T C	2
c1.bam	Pf3D7_01_v3	607601 607795 607807	1
	# c1.bam Pf3D7_01_v3 607601 607795 607807 Hapotype:	 G A C	2
c1.bam	Pf3D7_01_v3	607608 607792 607807	1
	# c1.bam Pf3D7_01_v3 607608 607792 607807 Hapotype:	 C T C	2
c1.bam	Pf3D7_01_v3	607608 607795 607807	1
	# c1.bam Pf3D7_01_v3 607608 607795 607807 Hapotype:	 C A C	2
c1.bam	Pf3D7_01_v3	614250 614261 614552	2
	# c1.bam Pf3D7_01_v3 614250 614261 614552 Hapotype:	 T A A	4
	# c1.bam Pf3D7_01_v3 614250 614261 614552 Hapotype:	 T C A	6
c1.bam	Pf3D7_01_v3	614250 614261 614609	1
	# c1.bam Pf3D7_01_v3 614250 614261 614609 Hapotype:	 T A G	3
c1.bam	Pf3D7_01_v3	614250 614311 614552	1
	# c1.bam Pf3D7_01_v3 614250 614311 614552 Hapotype:	 T T A	10
c1.bam	Pf3D7_01_v3	614250 614311 614609	1
	# c1.bam Pf3D7_01_v3 614250 614311 614609 Hapotype:	 T T G	3
c1.bam	Pf3D7_01_v3	614250 614552 614609	1
	# c1.bam Pf3D7_01_v3 614250 614552 614609 Hapotype:	 T A G	3
c1.bam	Pf3D7_01_v3	614261 614311 614552	2
	# c1.bam Pf3D7_01_v3 614261 614311 614552 Hapotype:	 A T A	4
	# c1.bam Pf3D7_01_v3 614261 614311 614552 Hapotype:	 C T A	7
c1.bam	Pf3D7_01_v3	614261 614311 614609	1
	# c1.bam Pf3D7_01_v3 614261 614311 614609 Hapotype:	 A T G	3
c1.bam	Pf3D7_01_v3	614261 614552 614609	1
	# c1.bam Pf3D7_01_v3 614261 614552 614609 Hapotype:	 A A G	3
c1.bam	Pf3D7_01_v3	614311 614324 614552	2
	# c1.bam Pf3D7_01_v3 614311 614324 614552 Hapotype:	 T T A	7
	# c1.bam Pf3D7_01_v3 614311 614324 614552 Hapotype:	 T G A	8
c1.bam	Pf3D7_01_v3	614311 614324 614609	1
	# c1.bam Pf3D7_01_v3 614311 614324 614609 Hapotype:	 T G G	8
c1.bam	Pf3D7_01_v3	614311 614324 614628	1
	# c1.bam Pf3D7_01_v3 614311 614324 614628 Hapotype:	 T G A	3
c1.bam	Pf3D7_01_v3	614311 614324 614631	1
	# c1.bam Pf3D7_01_v3 614311 614324 614631 Hapotype:	 T G C	3
c1.bam	Pf3D7_01_v3	614311 614336 614552	2
	# c1.bam Pf3D7_01_v3 614311 614336 614552 Hapotype:	 T T A	5
	# c1.bam Pf3D7_01_v3 614311 614336 614552 Hapotype:	 T A A	9
c1.bam	Pf3D7_01_v3	614311 614336 614609	1
	# c1.bam Pf3D7_01_v3 614311 614336 614609 Hapotype:	 T A G	9
c1.bam	Pf3D7_01_v3	614311 614336 614628	1
	# c1.bam Pf3D7_01_v3 614311 614336 614628 Hapotype:	 T A A	3
c1.bam	Pf3D7_01_v3	614311 614336 614631	1
	# c1.bam Pf3D7_01_v3 614311 614336 614631 Hapotype:	 T A C	3
c1.bam	Pf3D7_01_v3	614311 614369 614552	1
	# c1.bam Pf3D7_01_v3 614311 614369 614552 Hapotype:	 T C A	8
c1.bam	Pf3D7_01_v3	614311 614369 614609	1
	# c1.bam Pf3D7_01_v3 614311 614369 614609 Hapotype:	 T C G	8
c1.bam	Pf3D7_01_v3	614311 614369 614628	1
	# c1.bam Pf3D7_01_v3 614311 614369 614628 Hapotype:	 T C A	3
c1.bam	Pf3D7_01_v3	614311 614369 614631	1
	# c1.bam Pf3D7_01_v3 614311 614369 614631 Hapotype:	 T C C	3
c1.bam	Pf3D7_01_v3	614311 614552 614609	1
	# c1.bam Pf3D7_01_v3 614311 614552 614609 Hapotype:	 T A G	9
c1.bam	Pf3D7_01_v3	614311 614609 614628	2
	# c1.bam Pf3D7_01_v3 614311 614609 614628 Hapotype:	 T A T	2
	# c1.bam Pf3D7_01_v3 614311 614609 614628 Hapotype:	 T G A	3
c1.bam	Pf3D7_01_v3	614311 614609 614631	2
	# c1.bam Pf3D7_01_v3 614311 614609 614631 Hapotype:	 T A C	2
	# c1.bam Pf3D7_01_v3 614311 614609 614631 Hapotype:	 T G C	3
c1.bam	Pf3D7_01_v3	614324 614336 614552	2
	# c1.bam Pf3D7_01_v3 614324 614336 614552 Hapotype:	 T T A	5
	# c1.bam Pf3D7_01_v3 614324 614336 614552 Hapotype:	 G A A	8
c1.bam	Pf3D7_01_v3	614324 614336 614609	1
	# c1.bam Pf3D7_01_v3 614324 614336 614609 Hapotype:	 G A G	8
c1.bam	Pf3D7_01_v3	614324 614336 614628	1
	# c1.bam Pf3D7_01_v3 614324 614336 614628 Hapotype:	 G A A	3
c1.bam	Pf3D7_01_v3	614324 614336 614631	1
	# c1.bam Pf3D7_01_v3 614324 614336 614631 Hapotype:	 G A C	3
c1.bam	Pf3D7_01_v3	614324 614369 614552	1
	# c1.bam Pf3D7_01_v3 614324 614369 614552 Hapotype:	 G C A	7
c1.bam	Pf3D7_01_v3	614324 614369 614609	1
	# c1.bam Pf3D7_01_v3 614324 614369 614609 Hapotype:	 G C G	7
c1.bam	Pf3D7_01_v3	614324 614369 614628	1
	# c1.bam Pf3D7_01_v3 614324 614369 614628 Hapotype:	 G C A	3
c1.bam	Pf3D7_01_v3	614324 614369 614631	1
	# c1.bam Pf3D7_01_v3 614324 614369 614631 Hapotype:	 G C C	3
c1.bam	Pf3D7_01_v3	614324 614552 614609	1
	# c1.bam Pf3D7_01_v3 614324 614552 614609 Hapotype:	 G A G	5
c1.bam	Pf3D7_01_v3	614324 614609 614628	1
	# c1.bam Pf3D7_01_v3 614324 614609 614628 Hapotype:	 G G A	3
c1.bam	Pf3D7_01_v3	614324 614609 614631	1
	# c1.bam Pf3D7_01_v3 614324 614609 614631 Hapotype:	 G G C	3
c1.bam	Pf3D7_01_v3	614336 614369 614552	1
	# c1.bam Pf3D7_01_v3 614336 614369 614552 Hapotype:	 A C A	8
c1.bam	Pf3D7_01_v3	614336 614369 614609	1
	# c1.bam Pf3D7_01_v3 614336 614369 614609 Hapotype:	 A C G	8
c1.bam	Pf3D7_01_v3	614336 614369 614628	1
	# c1.bam Pf3D7_01_v3 614336 614369 614628 Hapotype:	 A C A	3
c1.bam	Pf3D7_01_v3	614336 614369 614631	1
	# c1.bam Pf3D7_01_v3 614336 614369 614631 Hapotype:	 A C C	3
c1.bam	Pf3D7_01_v3	614336 614552 614609	1
	# c1.bam Pf3D7_01_v3 614336 614552 614609 Hapotype:	 A A G	6
c1.bam	Pf3D7_01_v3	614336 614609 614628	1
	# c1.bam Pf3D7_01_v3 614336 614609 614628 Hapotype:	 A G A	3
c1.bam	Pf3D7_01_v3	614336 614609 614631	1
	# c1.bam Pf3D7_01_v3 614336 614609 614631 Hapotype:	 A G C	3
c1.bam	Pf3D7_01_v3	614369 614552 614609	1
	# c1.bam Pf3D7_01_v3 614369 614552 614609 Hapotype:	 C A G	5
c1.bam	Pf3D7_01_v3	614369 614609 614628	1
	# c1.bam Pf3D7_01_v3 614369 614609 614628 Hapotype:	 C G A	3
c1.bam	Pf3D7_01_v3	614369 614609 614631	1
	# c1.bam Pf3D7_01_v3 614369 614609 614631 Hapotype:	 C G C	3
c1.bam	Pf3D7_01_v3	627365 627391 627795	1
	# c1.bam Pf3D7_01_v3 627365 627391 627795 Hapotype:	 C T G	5
c1.bam	Pf3D7_01_v3	627365 627391 627819	1
	# c1.bam Pf3D7_01_v3 627365 627391 627819 Hapotype:	 C T T	5
c1.bam	Pf3D7_01_v3	627365 627391 627824	1
	# c1.bam Pf3D7_01_v3 627365 627391 627824 Hapotype:	 C T T	5
c1.bam	Pf3D7_01_v3	627365 627795 627819	1
	# c1.bam Pf3D7_01_v3 627365 627795 627819 Hapotype:	 C G T	5
c1.bam	Pf3D7_01_v3	627365 627795 627824	1
	# c1.bam Pf3D7_01_v3 627365 627795 627824 Hapotype:	 C G T	5
c1.bam	Pf3D7_01_v3	627391 627795 627819	1
	# c1.bam Pf3D7_01_v3 627391 627795 627819 Hapotype:	 T G T	10
c1.bam	Pf3D7_01_v3	627391 627795 627824	1
	# c1.bam Pf3D7_01_v3 627391 627795 627824 Hapotype:	 T G T	10
#	Estimates_of_MOI c1.bam Pf3D7_01_v3 mean,median,AdjustedMax: 1.08	1	3
